#
# A fatal error has been detected by the Java Runtime Environment:
#
#  SIGSEGV (0xb) at pc=0x00007f6f656e6b05, pid=13637, tid=0x00007f6f48447700
#
# JRE version: Java(TM) SE Runtime Environment (8.0_211-b12) (build 1.8.0_211-b12)
# Java VM: Java HotSpot(TM) 64-Bit Server VM (25.211-b12 mixed mode linux-amd64 compressed oops)
# Problematic frame:
# V  [libjvm.so+0x329b05]  StoreField::visit(InstructionVisitor*)+0x35
#
# Failed to write core dump. Core dumps have been disabled. To enable core dumping, try "ulimit -c unlimited" before starting Java again
#
# If you would like to submit a bug report, please visit:
#   http://bugreport.java.com/bugreport/crash.jsp
#

---------------  T H R E A D  ---------------

Current thread (0x00007f6f600bf800):  JavaThread "C1 CompilerThread2" daemon [_thread_in_native, id=13652, stack(0x00007f6f48348000,0x00007f6f48448000)]

siginfo: si_signo: 11 (SIGSEGV), si_code: 1 (SEGV_MAPERR), si_addr: 0x0000000000000000

Registers:
RAX=0x00007f6f656e0a60, RBX=0x00007f6f1c06eda0, RCX=0x00007f6f662a56a0, RDX=0x00007f6f656e0a60
RSP=0x00007f6f48445ab0, RBP=0x00007f6f48445b00, RSI=0x00007f6f48445b30, RDI=0x0000000000000000
R8 =0x0000000000000000, R9 =0x0000000000000000, R10=0x0000000000000000, R11=0x00007f6f14099e10
R12=0x00007f6f48445b30, R13=0x0000000000000001, R14=0x0000000000000000, R15=0x00007f6f1c06eda0
RIP=0x00007f6f656e6b05, EFLAGS=0x0000000000010246, CSGSFS=0x002b000000000033, ERR=0x0000000000000004
  TRAPNO=0x000000000000000e

Top of Stack: (sp=0x00007f6f48445ab0)
0x00007f6f48445ab0:   0000000000000000 0000000000000000
0x00007f6f48445ac0:   0000000000000000 00007f6f65d6b929
0x00007f6f48445ad0:   0000000000000000 00007f6f48446330
0x00007f6f48445ae0:   00007f6f48446330 0000000000000001
0x00007f6f48445af0:   0000000000000000 00007f6f1c06eda0
0x00007f6f48445b00:   00007f6f48445b80 00007f6f656f1003
0x00007f6f48445b10:   00007f6f1c06ed00 00007f6f00000009
0x00007f6f48445b20:   00007f6f600bf800 00007f6f1c06ecd0
0x00007f6f48445b30:   00007f6f662a56a0 00007f6f484466e0
0x00007f6f48445b40:   00007f6f1c06eda0 00007f6f00000013
0x00007f6f48445b50:   00007f6f48445b80 00007f6f48446330
0x00007f6f48445b60:   00007f6f1409a070 0000000000000001
0x00007f6f48445b70:   0000000000000000 00007f6f1c06eda0
0x00007f6f48445b80:   00007f6f48445c00 00007f6f656fda36
0x00007f6f48445b90:   0000000000000000 00007f6f1c06e420
0x00007f6f48445ba0:   0000000000000009 00007f6f1c068450
0x00007f6f48445bb0:   00000000ffffffff 00007f6f1c06ecd0
0x00007f6f48445bc0:   00007f6f48446330 00007f6f1c06dda0
0x00007f6f48445bd0:   00007f6f1c06e450 0000000000000000
0x00007f6f48445be0:   00000000000000b5 0000000000000000
0x00007f6f48445bf0:   00007f6f48445c20 00007f6f48446330
0x00007f6f48445c00:   00007f6f48445ca0 00007f6f656fffff
0x00007f6f48445c10:   00007f6f48445c20 0000000000000000
0x00007f6f48445c20:   00007f6f14098550 00007f6f140966f0
0x00007f6f48445c30:   00007f6f14099853 0000000000000000
0x00007f6f48445c40:   0000000000000000 00007f6f14099840
0x00007f6f48445c50:   00007f6f14099857 00007f6f14099856
0x00007f6f48445c60:   000000d7000000b5 00007f6f1c06daf0
0x00007f6f48445c70:   00007f6f48445cf0 0000000000000000
0x00007f6f48445c80:   0000000000000001 00007f6f48446330
0x00007f6f48445c90:   00007f6f48446330 00007f6f1c06daf0
0x00007f6f48445ca0:   00007f6f48445cf0 00007f6f657018cc 

Instructions: (pc=0x00007f6f656e6b05)
0x00007f6f656e6ae5:   f4 53 48 83 ec 28 48 8b 06 48 8b 40 20 48 39 d0
0x00007f6f656e6af5:   0f 85 b5 00 00 00 48 89 fb 48 8b bf 80 00 00 00
0x00007f6f656e6b05:   48 8b 07 ff 90 a0 00 00 00 48 85 c0 49 89 c6 74
0x00007f6f656e6b15:   31 48 8b 7b 70 48 8b 47 20 48 85 c0 0f 84 a9 00 

Register to memory mapping:

RAX=0x00007f6f656e0a60: <offset 0x323a60> in /opt/java/jdk1.8.0_211/jre/lib/amd64/server/libjvm.so at 0x00007f6f653bd000
RBX=0x00007f6f1c06eda0 is an unknown value
RCX=0x00007f6f662a56a0: <offset 0xee86a0> in /opt/java/jdk1.8.0_211/jre/lib/amd64/server/libjvm.so at 0x00007f6f653bd000
RDX=0x00007f6f656e0a60: <offset 0x323a60> in /opt/java/jdk1.8.0_211/jre/lib/amd64/server/libjvm.so at 0x00007f6f653bd000
RSP=0x00007f6f48445ab0 is pointing into the stack for thread: 0x00007f6f600bf800
RBP=0x00007f6f48445b00 is pointing into the stack for thread: 0x00007f6f600bf800
RSI=0x00007f6f48445b30 is pointing into the stack for thread: 0x00007f6f600bf800
RDI=0x0000000000000000 is an unknown value
R8 =0x0000000000000000 is an unknown value
R9 =0x0000000000000000 is an unknown value
R10=0x0000000000000000 is an unknown value
R11=0x00007f6f14099e10 is an unknown value
R12=0x00007f6f48445b30 is pointing into the stack for thread: 0x00007f6f600bf800
R13=0x0000000000000001 is an unknown value
R14=0x0000000000000000 is an unknown value
R15=0x00007f6f1c06eda0 is an unknown value


Stack: [0x00007f6f48348000,0x00007f6f48448000],  sp=0x00007f6f48445ab0,  free space=1014k
Native frames: (J=compiled Java code, j=interpreted, Vv=VM code, C=native code)
V  [libjvm.so+0x329b05]  StoreField::visit(InstructionVisitor*)+0x35
V  [libjvm.so+0x334003]  GraphBuilder::append_with_bci(Instruction*, int)+0x43
V  [libjvm.so+0x340a36]  GraphBuilder::access_field(Bytecodes::Code)+0x296
V  [libjvm.so+0x342fff]  GraphBuilder::iterate_bytecodes_for_block(int)+0x108f
V  [libjvm.so+0x3448cc]  GraphBuilder::iterate_all_blocks(bool)+0x8c
V  [libjvm.so+0x345e73]  GraphBuilder::try_inline_full(ciMethod*, bool, Bytecodes::Code, Instruction*)+0x6c3
V  [libjvm.so+0x3464b7]  GraphBuilder::try_inline(ciMethod*, bool, Bytecodes::Code, Instruction*)+0x197
V  [libjvm.so+0x347040]  GraphBuilder::invoke(Bytecodes::Code)+0xb60
V  [libjvm.so+0x342fef]  GraphBuilder::iterate_bytecodes_for_block(int)+0x107f
V  [libjvm.so+0x3448cc]  GraphBuilder::iterate_all_blocks(bool)+0x8c
V  [libjvm.so+0x345e73]  GraphBuilder::try_inline_full(ciMethod*, bool, Bytecodes::Code, Instruction*)+0x6c3
V  [libjvm.so+0x3464b7]  GraphBuilder::try_inline(ciMethod*, bool, Bytecodes::Code, Instruction*)+0x197
V  [libjvm.so+0x347040]  GraphBuilder::invoke(Bytecodes::Code)+0xb60
V  [libjvm.so+0x342fef]  GraphBuilder::iterate_bytecodes_for_block(int)+0x107f
V  [libjvm.so+0x3449af]  GraphBuilder::iterate_all_blocks(bool)+0x16f
V  [libjvm.so+0x344f3a]  GraphBuilder::GraphBuilder(Compilation*, IRScope*)+0x54a
V  [libjvm.so+0x34ac9a]  IRScope::IRScope(Compilation*, IRScope*, int, ciMethod*, int, bool)+0x1ca
V  [libjvm.so+0x34b829]  IR::IR(Compilation*, ciMethod*, int)+0xa9
V  [libjvm.so+0x32d3a7]  Compilation::build_hir() [clone .part.78]+0xd7
V  [libjvm.so+0x32f520]  Compilation::compile_java_method()+0x3e0
V  [libjvm.so+0x32f6ca]  Compilation::compile_method()+0x11a
V  [libjvm.so+0x32fb40]  Compilation::Compilation(AbstractCompiler*, ciEnv*, ciMethod*, int, BufferBlob*)+0x200
V  [libjvm.so+0x3302c8]  Compiler::compile_method(ciEnv*, ciMethod*, int)+0xa8
V  [libjvm.so+0x48b92c]  CompileBroker::invoke_compiler_on_method(CompileTask*)+0x73c
V  [libjvm.so+0x48d568]  CompileBroker::compiler_thread_loop()+0x6d8
V  [libjvm.so+0xa7ba9b]  JavaThread::thread_main_inner()+0xdb
V  [libjvm.so+0xa7bda1]  JavaThread::run()+0x2d1
V  [libjvm.so+0x90d952]  java_start(Thread*)+0x102
C  [libpthread.so.0+0x76db]  start_thread+0xdb


Current CompileTask:
C1:  17131  889       3       sun.java2d.pipe.AAShapePipe::computeBBox (58 bytes)


---------------  P R O C E S S  ---------------

Java Threads: ( => current thread )
  0x00007f6efc101800 JavaThread "TimerQueue" daemon [_thread_blocked, id=13692, stack(0x00007f6f3028e000,0x00007f6f3038f000)]
  0x00007f6f6000b000 JavaThread "DestroyJavaVM" [_thread_blocked, id=13639, stack(0x00007f6f66edf000,0x00007f6f66fdf000)]
  0x00007f6f602e8800 JavaThread "AWT-EventQueue-0" [_thread_blocked, id=13658, stack(0x00007f6f30d98000,0x00007f6f30e99000)]
  0x00007f6f602e8000 JavaThread "AWT-Shutdown" [_thread_blocked, id=13657, stack(0x00007f6f30e99000,0x00007f6f30f9a000)]
  0x00007f6f60247800 JavaThread "AWT-XAWT" daemon [_thread_in_native, id=13656, stack(0x00007f6f313c3000,0x00007f6f314c4000)]
  0x00007f6f60215800 JavaThread "Java2D Disposer" daemon [_thread_blocked, id=13655, stack(0x00007f6f48044000,0x00007f6f48145000)]
  0x00007f6f600dc800 JavaThread "Service Thread" daemon [_thread_blocked, id=13653, stack(0x00007f6f48246000,0x00007f6f48347000)]
=>0x00007f6f600bf800 JavaThread "C1 CompilerThread2" daemon [_thread_in_native, id=13652, stack(0x00007f6f48348000,0x00007f6f48448000)]
  0x00007f6f600bd800 JavaThread "C2 CompilerThread1" daemon [_thread_blocked, id=13651, stack(0x00007f6f48449000,0x00007f6f48549000)]
  0x00007f6f600bb000 JavaThread "C2 CompilerThread0" daemon [_thread_blocked, id=13650, stack(0x00007f6f4854a000,0x00007f6f4864a000)]
  0x00007f6f600b9800 JavaThread "Signal Dispatcher" daemon [_thread_blocked, id=13649, stack(0x00007f6f4864a000,0x00007f6f4874b000)]
  0x00007f6f60085800 JavaThread "Finalizer" daemon [_thread_blocked, id=13648, stack(0x00007f6f4874b000,0x00007f6f4884c000)]
  0x00007f6f60083000 JavaThread "Reference Handler" daemon [_thread_blocked, id=13647, stack(0x00007f6f4884c000,0x00007f6f4894d000)]

Other Threads:
  0x00007f6f60079800 VMThread [stack: 0x00007f6f4894e000,0x00007f6f48a4e000] [id=13646]
  0x00007f6f600df800 WatcherThread [stack: 0x00007f6f48146000,0x00007f6f48246000] [id=13654]

VM state:not at safepoint (normal execution)

VM Mutex/Monitor currently owned by a thread: None

heap address: 0x00000000c3800000, size: 968 MB, Compressed Oops mode: 32-bit
Narrow klass base: 0x0000000000000000, Narrow klass shift: 3
Compressed class space size: 1073741824 Address: 0x0000000100000000

Heap:
 PSYoungGen      total 18432K, used 7944K [0x00000000ebd80000, 0x00000000ed200000, 0x0000000100000000)
  eden space 15872K, 50% used [0x00000000ebd80000,0x00000000ec5420f0,0x00000000ecd00000)
  from space 2560K, 0% used [0x00000000ecf80000,0x00000000ecf80000,0x00000000ed200000)
  to   space 2560K, 0% used [0x00000000ecd00000,0x00000000ecd00000,0x00000000ecf80000)
 ParOldGen       total 42496K, used 0K [0x00000000c3800000, 0x00000000c6180000, 0x00000000ebd80000)
  object space 42496K, 0% used [0x00000000c3800000,0x00000000c3800000,0x00000000c6180000)
 Metaspace       used 13494K, capacity 13678K, committed 13952K, reserved 1060864K
  class space    used 1726K, capacity 1809K, committed 1920K, reserved 1048576K

Card table byte_map: [0x00007f6f5083f000,0x00007f6f50a24000] byte_map_base: 0x00007f6f50223000

Marking Bits: (ParMarkBitMap*) 0x00007f6f66388d80
 Begin Bits: [0x00007f6f4a1c0000, 0x00007f6f4b0e0000)
 End Bits:   [0x00007f6f4b0e0000, 0x00007f6f4c000000)

Polling page: 0x00007f6f66ff6000

CodeCache: size=245760Kb used=3098Kb max_used=3098Kb free=242661Kb
 bounds [0x00007f6f50de4000, 0x00007f6f510f4000, 0x00007f6f5fde4000]
 total_blobs=1431 nmethods=890 adapters=455
 compilation: enabled

Compilation events (10 events):
Event: 16,549 Thread 0x00007f6f600bf800 nmethod 884 0x00007f6f510de450 code [0x00007f6f510de5a0, 0x00007f6f510de6f0]
Event: 16,549 Thread 0x00007f6f600bf800  885       3       java.awt.geom.Point2D$Double::getY (5 bytes)
Event: 16,549 Thread 0x00007f6f600bf800 nmethod 885 0x00007f6f510de150 code [0x00007f6f510de2a0, 0x00007f6f510de3f0]
Event: 17,047 Thread 0x00007f6f600bf800  886       1       sun.java2d.xr.XRVolatileSurfaceManager::isAccelerationEnabled (2 bytes)
Event: 17,047 Thread 0x00007f6f600bf800 nmethod 886 0x00007f6f510e8d90 code [0x00007f6f510e8ee0, 0x00007f6f510e8ff0]
Event: 17,049 Thread 0x00007f6f600bf800  887       3       java.awt.geom.Rectangle2D$Float::setRect (27 bytes)
Event: 17,050 Thread 0x00007f6f600bf800 nmethod 887 0x00007f6f510e9050 code [0x00007f6f510e91a0, 0x00007f6f510e9310]
Event: 17,050 Thread 0x00007f6f600bf800  888       3       sun.java2d.pipe.PixelToParallelogramConverter::fillRectangle (236 bytes)
Event: 17,054 Thread 0x00007f6f600bf800 nmethod 888 0x00007f6f510e9b10 code [0x00007f6f510e9e60, 0x00007f6f510eb188]
Event: 17,054 Thread 0x00007f6f600bf800  889       3       sun.java2d.pipe.AAShapePipe::computeBBox (58 bytes)

GC Heap History (0 events):
No events

Deoptimization events (10 events):
Event: 1,087 Thread 0x00007f6f602e8800 Uncommon trap: reason=unstable_if action=reinterpret pc=0x00007f6f50fa3d08 method=java.lang.AbstractStringBuilder.append(Ljava/lang/String;)Ljava/lang/AbstractStringBuilder; @ 1
Event: 1,454 Thread 0x00007f6f602e8800 Uncommon trap: reason=class_check action=maybe_recompile pc=0x00007f6f50fe0cb0 method=java.util.HashMap.putVal(ILjava/lang/Object;Ljava/lang/Object;ZZ)Ljava/lang/Object; @ 253
Event: 1,456 Thread 0x00007f6f602e8800 Uncommon trap: reason=class_check action=maybe_recompile pc=0x00007f6f50fe0cb0 method=java.util.HashMap.putVal(ILjava/lang/Object;Ljava/lang/Object;ZZ)Ljava/lang/Object; @ 253
Event: 1,457 Thread 0x00007f6f602e8800 Uncommon trap: reason=class_check action=maybe_recompile pc=0x00007f6f50fe0cb0 method=java.util.HashMap.putVal(ILjava/lang/Object;Ljava/lang/Object;ZZ)Ljava/lang/Object; @ 253
Event: 1,457 Thread 0x00007f6f602e8800 Uncommon trap: reason=class_check action=maybe_recompile pc=0x00007f6f50fe0cb0 method=java.util.HashMap.putVal(ILjava/lang/Object;Ljava/lang/Object;ZZ)Ljava/lang/Object; @ 253
Event: 1,457 Thread 0x00007f6f602e8800 Uncommon trap: reason=class_check action=maybe_recompile pc=0x00007f6f50fe3954 method=java.util.HashMap.putVal(ILjava/lang/Object;Ljava/lang/Object;ZZ)Ljava/lang/Object; @ 253
Event: 1,572 Thread 0x00007f6f602e8800 Uncommon trap: reason=class_check action=maybe_recompile pc=0x00007f6f50f3e29c method=java.lang.String.equals(Ljava/lang/Object;)Z @ 8
Event: 1,576 Thread 0x00007f6f602e8800 Uncommon trap: reason=class_check action=maybe_recompile pc=0x00007f6f50f3e29c method=java.lang.String.equals(Ljava/lang/Object;)Z @ 8
Event: 1,595 Thread 0x00007f6f602e8800 Uncommon trap: reason=class_check action=maybe_recompile pc=0x00007f6f50f3e29c method=java.lang.String.equals(Ljava/lang/Object;)Z @ 8
Event: 1,595 Thread 0x00007f6f602e8800 Uncommon trap: reason=class_check action=maybe_recompile pc=0x00007f6f50f3e29c method=java.lang.String.equals(Ljava/lang/Object;)Z @ 8

Classes redefined (0 events):
No events

Internal exceptions (10 events):
Event: 0,915 Thread 0x00007f6f6000b000 Exception <a 'java/lang/ClassNotFoundException': ToolBarSeparator> (0x00000000ec1ae7c8) thrown at [/HUDSON/workspace/8-2-build-linux-amd64/jdk8u211/12973/hotspot/src/share/vm/classfile/systemDictionary.cpp, line 210]
Event: 0,915 Thread 0x00007f6f6000b000 Exception <a 'java/lang/ClassNotFoundException': ToolTip> (0x00000000ec1aef08) thrown at [/HUDSON/workspace/8-2-build-linux-amd64/jdk8u211/12973/hotspot/src/share/vm/classfile/systemDictionary.cpp, line 210]
Event: 0,918 Thread 0x00007f6f6000b000 Exception <a 'java/lang/ClassNotFoundException': Tree> (0x00000000ec1afb28) thrown at [/HUDSON/workspace/8-2-build-linux-amd64/jdk8u211/12973/hotspot/src/share/vm/classfile/systemDictionary.cpp, line 210]
Event: 0,918 Thread 0x00007f6f6000b000 Exception <a 'java/lang/ClassNotFoundException': Tree> (0x00000000ec1b0268) thrown at [/HUDSON/workspace/8-2-build-linux-amd64/jdk8u211/12973/hotspot/src/share/vm/classfile/systemDictionary.cpp, line 210]
Event: 0,918 Thread 0x00007f6f6000b000 Exception <a 'java/lang/ClassNotFoundException': javax/swing/JTreeCell> (0x00000000ec1b05e8) thrown at [/HUDSON/workspace/8-2-build-linux-amd64/jdk8u211/12973/hotspot/src/share/vm/classfile/systemDictionary.cpp, line 210]
Event: 0,918 Thread 0x00007f6f6000b000 Exception <a 'java/lang/ClassNotFoundException': TreeCell> (0x00000000ec1b0a70) thrown at [/HUDSON/workspace/8-2-build-linux-amd64/jdk8u211/12973/hotspot/src/share/vm/classfile/systemDictionary.cpp, line 210]
Event: 0,920 Thread 0x00007f6f6000b000 Exception <a 'java/lang/ClassNotFoundException': RootPane> (0x00000000ec1b14d0) thrown at [/HUDSON/workspace/8-2-build-linux-amd64/jdk8u211/12973/hotspot/src/share/vm/classfile/systemDictionary.cpp, line 210]
Event: 1,086 Thread 0x00007f6f602e8800 Implicit null exception at 0x00007f6f50fa4275 to 0x00007f6f50fa4629
Event: 1,087 Thread 0x00007f6f602e8800 Implicit null exception at 0x00007f6f50fa3936 to 0x00007f6f50fa3cf1
Event: 2,025 Thread 0x00007f6f602e8800 Exception <a 'java/lang/UnsupportedOperationException': > (0x00000000ec4218a8) thrown at [/HUDSON/workspace/8-2-build-linux-amd64/jdk8u211/12973/hotspot/src/share/vm/prims/jni.cpp, line 736]

Events (10 events):
Event: 2,029 loading class java/util/concurrent/TimeUnit$7
Event: 2,029 loading class java/util/concurrent/TimeUnit$7 done
Event: 2,033 loading class java/awt/geom/Path2D$Float$TxIterator
Event: 2,033 loading class java/awt/geom/Path2D$Iterator
Event: 2,033 loading class java/awt/geom/Path2D$Iterator done
Event: 2,033 loading class java/awt/geom/Path2D$Float$TxIterator done
Event: 2,529 loading class javax/swing/Timer$1
Event: 2,529 loading class javax/swing/Timer$1 done
Event: 4,206 Executing VM operation: EnableBiasedLocking
Event: 4,206 Executing VM operation: EnableBiasedLocking done


Dynamic libraries:
00400000-00401000 r-xp 00000000 08:02 4600567                            /opt/java/jdk1.8.0_211/bin/java
00600000-00601000 r--p 00000000 08:02 4600567                            /opt/java/jdk1.8.0_211/bin/java
00601000-00602000 rw-p 00001000 08:02 4600567                            /opt/java/jdk1.8.0_211/bin/java
01dbc000-01ddd000 rw-p 00000000 00:00 0                                  [heap]
c3800000-c6180000 rw-p 00000000 00:00 0 
c6180000-ebd80000 ---p 00000000 00:00 0 
ebd80000-ed200000 rw-p 00000000 00:00 0 
ed200000-100000000 ---p 00000000 00:00 0 
100000000-1001e0000 rw-p 00000000 00:00 0 
1001e0000-140000000 ---p 00000000 00:00 0 
7f6efc000000-7f6efc105000 rw-p 00000000 00:00 0 
7f6efc105000-7f6f00000000 ---p 00000000 00:00 0 
7f6f00000000-7f6f00437000 rw-p 00000000 00:00 0 
7f6f00437000-7f6f04000000 ---p 00000000 00:00 0 
7f6f04000000-7f6f04021000 rw-p 00000000 00:00 0 
7f6f04021000-7f6f08000000 ---p 00000000 00:00 0 
7f6f08fff000-7f6f0c000000 rw-p 00000000 00:00 0 
7f6f0c000000-7f6f0c021000 rw-p 00000000 00:00 0 
7f6f0c021000-7f6f10000000 ---p 00000000 00:00 0 
7f6f10000000-7f6f10030000 rw-p 00000000 00:00 0 
7f6f10030000-7f6f14000000 ---p 00000000 00:00 0 
7f6f14000000-7f6f145f2000 rw-p 00000000 00:00 0 
7f6f145f2000-7f6f18000000 ---p 00000000 00:00 0 
7f6f18000000-7f6f18021000 rw-p 00000000 00:00 0 
7f6f18021000-7f6f1c000000 ---p 00000000 00:00 0 
7f6f1c000000-7f6f1c1cb000 rw-p 00000000 00:00 0 
7f6f1c1cb000-7f6f20000000 ---p 00000000 00:00 0 
7f6f20000000-7f6f20021000 rw-p 00000000 00:00 0 
7f6f20021000-7f6f24000000 ---p 00000000 00:00 0 
7f6f24000000-7f6f24021000 rw-p 00000000 00:00 0 
7f6f24021000-7f6f28000000 ---p 00000000 00:00 0 
7f6f28000000-7f6f2813f000 rw-p 00000000 00:00 0 
7f6f2813f000-7f6f2c000000 ---p 00000000 00:00 0 
7f6f2c000000-7f6f2c021000 rw-p 00000000 00:00 0 
7f6f2c021000-7f6f30000000 ---p 00000000 00:00 0 
7f6f3028e000-7f6f30291000 ---p 00000000 00:00 0 
7f6f30291000-7f6f3038f000 rw-p 00000000 00:00 0 
7f6f3038f000-7f6f303b9000 r-xp 00000000 08:02 5638773                    /opt/java/jdk1.8.0_211/jre/lib/amd64/libdcpr.so
7f6f303b9000-7f6f305b8000 ---p 0002a000 08:02 5638773                    /opt/java/jdk1.8.0_211/jre/lib/amd64/libdcpr.so
7f6f305b8000-7f6f305b9000 r--p 00029000 08:02 5638773                    /opt/java/jdk1.8.0_211/jre/lib/amd64/libdcpr.so
7f6f305b9000-7f6f305bc000 rw-p 0002a000 08:02 5638773                    /opt/java/jdk1.8.0_211/jre/lib/amd64/libdcpr.so
7f6f305bc000-7f6f305c7000 r--s 00000000 08:02 4463513                    /var/cache/fontconfig/945677eb7aeaf62f1d50efc3fb3ec7d8-le64.cache-7
7f6f305c7000-7f6f305cc000 r--s 00000000 08:02 4463484                    /var/cache/fontconfig/2300eef321c393bfd76478a5c0e95b23-le64.cache-7
7f6f305cc000-7f6f305cd000 r--s 00000000 08:02 4463477                    /var/cache/fontconfig/0d8c3b2ac0904cb8a57a757ad11a4a08-le64.cache-7
7f6f305cd000-7f6f305e2000 r--s 00000000 08:02 4463473                    /var/cache/fontconfig/04aabc0a78ac019cf9454389977116d2-le64.cache-7
7f6f305e2000-7f6f305e3000 r--s 00000000 08:02 4463481                    /var/cache/fontconfig/1ac9eb803944fde146138c791f5cc56a-le64.cache-7
7f6f305e3000-7f6f305e4000 r--s 00000000 08:02 4463532                    /var/cache/fontconfig/dc05db6664285cc2f12bf69c139ae4c3-le64.cache-7
7f6f305e4000-7f6f305e6000 r--s 00000000 08:02 4463478                    /var/cache/fontconfig/14a5e22175779b556eaa434240950366-le64.cache-7
7f6f305e6000-7f6f305e7000 r--s 00000000 08:02 4463505                    /var/cache/fontconfig/660208299946a285a940457d1287da33-le64.cache-7
7f6f305e7000-7f6f305e9000 r--s 00000000 08:02 4463496                    /var/cache/fontconfig/4f3e3037c9980c83b53a9351efadef62-le64.cache-7
7f6f305e9000-7f6f305eb000 r--s 00000000 08:02 4463510                    /var/cache/fontconfig/767a8244fc0220cfb567a839d0392e0b-le64.cache-7
7f6f305eb000-7f6f305ec000 r--s 00000000 08:02 4459018                    /var/cache/fontconfig/4794a0821666d79190d59a36cb4f44b5-le64.cache-7
7f6f305ec000-7f6f305ee000 r--s 00000000 08:02 4463475                    /var/cache/fontconfig/0bd3dc0958fa2205aaaa8ebb13e2872b-le64.cache-7
7f6f305ee000-7f6f30629000 r--s 00000000 08:02 4459044                    /var/cache/fontconfig/365b55f210c0a22e9a19e35191240f32-le64.cache-7
7f6f30629000-7f6f3062e000 r--s 00000000 08:02 4463533                    /var/cache/fontconfig/def309198bfa603429122923fa2bb2d4-le64.cache-7
7f6f3062e000-7f6f3062f000 r--s 00000000 08:02 4463521                    /var/cache/fontconfig/b872e6e592da6075ffa4ab0a1fcc0c75-le64.cache-7
7f6f3062f000-7f6f30630000 r--s 00000000 08:02 4463538                    /var/cache/fontconfig/f6d4eedfaab2589bde49f7a3ff831d22-le64.cache-7
7f6f30630000-7f6f30631000 r--s 00000000 08:02 4463503                    /var/cache/fontconfig/589f83ef4c36d296ce6e1c846f468f08-le64.cache-7
7f6f30631000-7f6f30632000 r--s 00000000 08:02 4463523                    /var/cache/fontconfig/bab58bb527bb656aaa9f116d68a48d89-le64.cache-7
7f6f30725000-7f6f30791000 r-xp 00000000 08:02 5638745                    /opt/java/jdk1.8.0_211/jre/lib/amd64/libt2k.so
7f6f30791000-7f6f30991000 ---p 0006c000 08:02 5638745                    /opt/java/jdk1.8.0_211/jre/lib/amd64/libt2k.so
7f6f30991000-7f6f30997000 r--p 0006c000 08:02 5638745                    /opt/java/jdk1.8.0_211/jre/lib/amd64/libt2k.so
7f6f30997000-7f6f30998000 rw-p 00072000 08:02 5638745                    /opt/java/jdk1.8.0_211/jre/lib/amd64/libt2k.so
7f6f30998000-7f6f30b58000 rw-p 00000000 00:00 0 
7f6f30b58000-7f6f30b98000 ---p 00000000 00:00 0 
7f6f30b98000-7f6f30d98000 rw-p 00000000 00:00 0 
7f6f30d98000-7f6f30d9b000 ---p 00000000 00:00 0 
7f6f30d9b000-7f6f30e99000 rw-p 00000000 00:00 0 
7f6f30e99000-7f6f30e9c000 ---p 00000000 00:00 0 
7f6f30e9c000-7f6f30f9a000 rw-p 00000000 00:00 0 
7f6f30f9a000-7f6f30fab000 r-xp 00000000 08:02 5638786                    /opt/java/jdk1.8.0_211/jre/lib/amd64/libnio.so
7f6f30fab000-7f6f311aa000 ---p 00011000 08:02 5638786                    /opt/java/jdk1.8.0_211/jre/lib/amd64/libnio.so
7f6f311aa000-7f6f311ab000 r--p 00010000 08:02 5638786                    /opt/java/jdk1.8.0_211/jre/lib/amd64/libnio.so
7f6f311ab000-7f6f311ac000 rw-p 00011000 08:02 5638786                    /opt/java/jdk1.8.0_211/jre/lib/amd64/libnio.so
7f6f311ac000-7f6f311c2000 r-xp 00000000 08:02 5638732                    /opt/java/jdk1.8.0_211/jre/lib/amd64/libnet.so
7f6f311c2000-7f6f313c1000 ---p 00016000 08:02 5638732                    /opt/java/jdk1.8.0_211/jre/lib/amd64/libnet.so
7f6f313c1000-7f6f313c2000 r--p 00015000 08:02 5638732                    /opt/java/jdk1.8.0_211/jre/lib/amd64/libnet.so
7f6f313c2000-7f6f313c3000 rw-p 00016000 08:02 5638732                    /opt/java/jdk1.8.0_211/jre/lib/amd64/libnet.so
7f6f313c3000-7f6f313c6000 ---p 00000000 00:00 0 
7f6f313c6000-7f6f314c4000 rw-p 00000000 00:00 0 
7f6f314c4000-7f6f314c9000 r-xp 00000000 08:02 3284842                    /usr/lib/x86_64-linux-gnu/libXfixes.so.3.1.0
7f6f314c9000-7f6f316c8000 ---p 00005000 08:02 3284842                    /usr/lib/x86_64-linux-gnu/libXfixes.so.3.1.0
7f6f316c8000-7f6f316c9000 r--p 00004000 08:02 3284842                    /usr/lib/x86_64-linux-gnu/libXfixes.so.3.1.0
7f6f316c9000-7f6f316ca000 rw-p 00005000 08:02 3284842                    /usr/lib/x86_64-linux-gnu/libXfixes.so.3.1.0
7f6f316ca000-7f6f316d3000 r-xp 00000000 08:02 3284834                    /usr/lib/x86_64-linux-gnu/libXcursor.so.1.0.2
7f6f316d3000-7f6f318d2000 ---p 00009000 08:02 3284834                    /usr/lib/x86_64-linux-gnu/libXcursor.so.1.0.2
7f6f318d2000-7f6f318d3000 r--p 00008000 08:02 3284834                    /usr/lib/x86_64-linux-gnu/libXcursor.so.1.0.2
7f6f318d3000-7f6f318d4000 rw-p 00009000 08:02 3284834                    /usr/lib/x86_64-linux-gnu/libXcursor.so.1.0.2
7f6f318d4000-7f6f318eb000 r-xp 00000000 08:02 4068426                    /lib/x86_64-linux-gnu/libgcc_s.so.1
7f6f318eb000-7f6f31aea000 ---p 00017000 08:02 4068426                    /lib/x86_64-linux-gnu/libgcc_s.so.1
7f6f31aea000-7f6f31aeb000 r--p 00016000 08:02 4068426                    /lib/x86_64-linux-gnu/libgcc_s.so.1
7f6f31aeb000-7f6f31aec000 rw-p 00017000 08:02 4068426                    /lib/x86_64-linux-gnu/libgcc_s.so.1
7f6f31aec000-7f6f31b4b000 r-xp 00000000 08:02 5638781                    /opt/java/jdk1.8.0_211/jre/lib/amd64/libfontmanager.so
7f6f31b4b000-7f6f31d4b000 ---p 0005f000 08:02 5638781                    /opt/java/jdk1.8.0_211/jre/lib/amd64/libfontmanager.so
7f6f31d4b000-7f6f31d4e000 r--p 0005f000 08:02 5638781                    /opt/java/jdk1.8.0_211/jre/lib/amd64/libfontmanager.so
7f6f31d4e000-7f6f31d4f000 rw-p 00062000 08:02 5638781                    /opt/java/jdk1.8.0_211/jre/lib/amd64/libfontmanager.so
7f6f31d4f000-7f6f31d62000 r-xp 00000000 08:02 4068385                    /lib/x86_64-linux-gnu/libbsd.so.0.8.7
7f6f31d62000-7f6f31f61000 ---p 00013000 08:02 4068385                    /lib/x86_64-linux-gnu/libbsd.so.0.8.7
7f6f31f61000-7f6f31f62000 r--p 00012000 08:02 4068385                    /lib/x86_64-linux-gnu/libbsd.so.0.8.7
7f6f31f62000-7f6f31f63000 rw-p 00013000 08:02 4068385                    /lib/x86_64-linux-gnu/libbsd.so.0.8.7
7f6f31f63000-7f6f31f64000 rw-p 00000000 00:00 0 
7f6f31f64000-7f6f31f69000 r-xp 00000000 08:02 3284838                    /usr/lib/x86_64-linux-gnu/libXdmcp.so.6.0.0
7f6f31f69000-7f6f32168000 ---p 00005000 08:02 3284838                    /usr/lib/x86_64-linux-gnu/libXdmcp.so.6.0.0
7f6f32168000-7f6f32169000 r--p 00004000 08:02 3284838                    /usr/lib/x86_64-linux-gnu/libXdmcp.so.6.0.0
7f6f32169000-7f6f3216a000 rw-p 00005000 08:02 3284838                    /usr/lib/x86_64-linux-gnu/libXdmcp.so.6.0.0
7f6f3216a000-7f6f3216c000 r-xp 00000000 08:02 3284827                    /usr/lib/x86_64-linux-gnu/libXau.so.6.0.0
7f6f3216c000-7f6f3236c000 ---p 00002000 08:02 3284827                    /usr/lib/x86_64-linux-gnu/libXau.so.6.0.0
7f6f3236c000-7f6f3236d000 r--p 00002000 08:02 3284827                    /usr/lib/x86_64-linux-gnu/libXau.so.6.0.0
7f6f3236d000-7f6f3236e000 rw-p 00003000 08:02 3284827                    /usr/lib/x86_64-linux-gnu/libXau.so.6.0.0
7f6f3236e000-7f6f32394000 r-xp 00000000 08:02 3286040                    /usr/lib/x86_64-linux-gnu/libxcb.so.1.1.0
7f6f32394000-7f6f32594000 ---p 00026000 08:02 3286040                    /usr/lib/x86_64-linux-gnu/libxcb.so.1.1.0
7f6f32594000-7f6f32595000 r--p 00026000 08:02 3286040                    /usr/lib/x86_64-linux-gnu/libxcb.so.1.1.0
7f6f32595000-7f6f32596000 rw-p 00027000 08:02 3286040                    /usr/lib/x86_64-linux-gnu/libxcb.so.1.1.0
7f6f32596000-7f6f325a5000 r-xp 00000000 08:02 3284848                    /usr/lib/x86_64-linux-gnu/libXi.so.6.1.0
7f6f325a5000-7f6f327a4000 ---p 0000f000 08:02 3284848                    /usr/lib/x86_64-linux-gnu/libXi.so.6.1.0
7f6f327a4000-7f6f327a5000 r--p 0000e000 08:02 3284848                    /usr/lib/x86_64-linux-gnu/libXi.so.6.1.0
7f6f327a5000-7f6f327a6000 rw-p 0000f000 08:02 3284848                    /usr/lib/x86_64-linux-gnu/libXi.so.6.1.0
7f6f327a6000-7f6f327ab000 r-xp 00000000 08:02 3284866                    /usr/lib/x86_64-linux-gnu/libXtst.so.6.1.0
7f6f327ab000-7f6f329aa000 ---p 00005000 08:02 3284866                    /usr/lib/x86_64-linux-gnu/libXtst.so.6.1.0
7f6f329aa000-7f6f329ab000 r--p 00004000 08:02 3284866                    /usr/lib/x86_64-linux-gnu/libXtst.so.6.1.0
7f6f329ab000-7f6f329ac000 rw-p 00005000 08:02 3284866                    /usr/lib/x86_64-linux-gnu/libXtst.so.6.1.0
7f6f329ac000-7f6f329b5000 r-xp 00000000 08:02 3284860                    /usr/lib/x86_64-linux-gnu/libXrender.so.1.3.0
7f6f329b5000-7f6f32bb4000 ---p 00009000 08:02 3284860                    /usr/lib/x86_64-linux-gnu/libXrender.so.1.3.0
7f6f32bb4000-7f6f32bb5000 r--p 00008000 08:02 3284860                    /usr/lib/x86_64-linux-gnu/libXrender.so.1.3.0
7f6f32bb5000-7f6f32bb6000 rw-p 00009000 08:02 3284860                    /usr/lib/x86_64-linux-gnu/libXrender.so.1.3.0
7f6f32bb6000-7f6f32ce9000 r-xp 00000000 08:02 3284823                    /usr/lib/x86_64-linux-gnu/libX11.so.6.3.0
7f6f32ce9000-7f6f32ee9000 ---p 00133000 08:02 3284823                    /usr/lib/x86_64-linux-gnu/libX11.so.6.3.0
7f6f32ee9000-7f6f32eea000 r--p 00133000 08:02 3284823                    /usr/lib/x86_64-linux-gnu/libX11.so.6.3.0
7f6f32eea000-7f6f32eee000 rw-p 00134000 08:02 3284823                    /usr/lib/x86_64-linux-gnu/libX11.so.6.3.0
7f6f32eee000-7f6f32eff000 r-xp 00000000 08:02 3284840                    /usr/lib/x86_64-linux-gnu/libXext.so.6.4.0
7f6f32eff000-7f6f330fe000 ---p 00011000 08:02 3284840                    /usr/lib/x86_64-linux-gnu/libXext.so.6.4.0
7f6f330fe000-7f6f330ff000 r--p 00010000 08:02 3284840                    /usr/lib/x86_64-linux-gnu/libXext.so.6.4.0
7f6f330ff000-7f6f33100000 rw-p 00011000 08:02 3284840                    /usr/lib/x86_64-linux-gnu/libXext.so.6.4.0
7f6f33100000-7f6f3315a000 r-xp 00000000 08:02 5638752                    /opt/java/jdk1.8.0_211/jre/lib/amd64/libawt_xawt.so
7f6f3315a000-7f6f3335a000 ---p 0005a000 08:02 5638752                    /opt/java/jdk1.8.0_211/jre/lib/amd64/libawt_xawt.so
7f6f3335a000-7f6f3335b000 r--p 0005a000 08:02 5638752                    /opt/java/jdk1.8.0_211/jre/lib/amd64/libawt_xawt.so
7f6f3335b000-7f6f3335e000 rw-p 0005b000 08:02 5638752                    /opt/java/jdk1.8.0_211/jre/lib/amd64/libawt_xawt.so
7f6f3335e000-7f6f33360000 rw-p 00000000 00:00 0 
7f6f33360000-7f6f33400000 r-xp 00000000 08:02 5638738                    /opt/java/jdk1.8.0_211/jre/lib/amd64/libawt.so
7f6f33400000-7f6f335ff000 ---p 000a0000 08:02 5638738                    /opt/java/jdk1.8.0_211/jre/lib/amd64/libawt.so
7f6f335ff000-7f6f33600000 r--p 0009f000 08:02 5638738                    /opt/java/jdk1.8.0_211/jre/lib/amd64/libawt.so
7f6f33600000-7f6f3360b000 rw-p 000a0000 08:02 5638738                    /opt/java/jdk1.8.0_211/jre/lib/amd64/libawt.so
7f6f3360b000-7f6f33630000 rw-p 00000000 00:00 0 
7f6f33630000-7f6f34000000 r--p 00000000 08:02 3283635                    /usr/lib/locale/locale-archive
7f6f34000000-7f6f34021000 rw-p 00000000 00:00 0 
7f6f34021000-7f6f38000000 ---p 00000000 00:00 0 
7f6f38000000-7f6f38021000 rw-p 00000000 00:00 0 
7f6f38021000-7f6f3c000000 ---p 00000000 00:00 0 
7f6f3c000000-7f6f3c021000 rw-p 00000000 00:00 0 
7f6f3c021000-7f6f40000000 ---p 00000000 00:00 0 
7f6f40000000-7f6f40021000 rw-p 00000000 00:00 0 
7f6f40021000-7f6f44000000 ---p 00000000 00:00 0 
7f6f44000000-7f6f44021000 rw-p 00000000 00:00 0 
7f6f44021000-7f6f48000000 ---p 00000000 00:00 0 
7f6f48000000-7f6f48001000 r--s 00000000 08:02 4463482                    /var/cache/fontconfig/2171a34dccabdb6bcbbc728186263178-le64.cache-7
7f6f48001000-7f6f48002000 r--s 00000000 08:02 4463524                    /var/cache/fontconfig/c5c45a61289222e0d30b1a26ef4effbe-le64.cache-7
7f6f48002000-7f6f48003000 r--s 00000000 08:02 4463519                    /var/cache/fontconfig/aec30016f93e1b46d1a973dce0d74068-le64.cache-7
7f6f48003000-7f6f48004000 r--s 00000000 08:02 4463489                    /var/cache/fontconfig/3f589640d34b7dc9042c8d453f7c8b9c-le64.cache-7
7f6f48004000-7f6f48005000 r--s 00000000 08:02 4463479                    /var/cache/fontconfig/16c2fda60d1b4b719f4b3d06fd951d25-le64.cache-7
7f6f48005000-7f6f48006000 r--s 00000000 08:02 4463518                    /var/cache/fontconfig/a48eab177a16e4f3713381162db2f3e9-le64.cache-7
7f6f48006000-7f6f48007000 r--s 00000000 08:02 4463499                    /var/cache/fontconfig/564b2e68ac9bc4e36a6f7f6d6125ec1c-le64.cache-7
7f6f48007000-7f6f4800c000 r--s 00000000 08:02 4463516                    /var/cache/fontconfig/9d2451b1fd30e5bffe8383fd27c35478-le64.cache-7
7f6f4800c000-7f6f48012000 r--s 00000000 08:02 4463485                    /var/cache/fontconfig/3047814df9a2f067bd2d96a2b9c36e5a-le64.cache-7
7f6f48012000-7f6f48013000 r--s 00000000 08:02 4463500                    /var/cache/fontconfig/56cf4f4769d0f4abc89a4895d7bd3ae1-le64.cache-7
7f6f48013000-7f6f48014000 r--s 00000000 08:02 4463522                    /var/cache/fontconfig/b9d506c9ac06c20b433354fa67a72993-le64.cache-7
7f6f48014000-7f6f4801a000 r--s 00000000 08:02 4463520                    /var/cache/fontconfig/b47c4e1ecd0709278f4910c18777a504-le64.cache-7
7f6f4801a000-7f6f4802d000 r--s 00000000 08:02 4463529                    /var/cache/fontconfig/d52a8644073d54c13679302ca1180695-le64.cache-7
7f6f4802d000-7f6f4802e000 r--s 00000000 08:02 4463487                    /var/cache/fontconfig/370e5b74bf5dafc30834de68e24a87a4-le64.cache-7
7f6f4802e000-7f6f4802f000 r--s 00000000 08:02 4463508                    /var/cache/fontconfig/6b2c5944714ca7831b25bed9e85cb5c8-le64.cache-7
7f6f4802f000-7f6f48030000 r--s 00000000 08:02 4463528                    /var/cache/fontconfig/d5178ab6d91b49bf20a416737dcea9e8-le64.cache-7
7f6f48030000-7f6f48033000 r--s 00000000 08:02 4463537                    /var/cache/fontconfig/f259c2cffa685e28062317905db73c4a-le64.cache-7
7f6f48033000-7f6f48035000 r--s 00000000 08:02 4463497                    /var/cache/fontconfig/550f3886151c940c12a5ed35f6a00586-le64.cache-7
7f6f48035000-7f6f48038000 r--s 00000000 08:02 4463506                    /var/cache/fontconfig/674d1711f2d1d2a09646eb0bdcadee49-le64.cache-7
7f6f48038000-7f6f48044000 r--s 00000000 08:02 4462727                    /var/cache/fontconfig/d589a48862398ed80a3d6066f4f56f4c-le64.cache-7
7f6f48044000-7f6f48047000 ---p 00000000 00:00 0 
7f6f48047000-7f6f48145000 rw-p 00000000 00:00 0 
7f6f48145000-7f6f48146000 ---p 00000000 00:00 0 
7f6f48146000-7f6f48246000 rw-p 00000000 00:00 0 
7f6f48246000-7f6f48249000 ---p 00000000 00:00 0 
7f6f48249000-7f6f48347000 rw-p 00000000 00:00 0 
7f6f48347000-7f6f48348000 ---p 00000000 00:00 0 
7f6f48348000-7f6f4834b000 ---p 00000000 00:00 0 
7f6f4834b000-7f6f48448000 rw-p 00000000 00:00 0 
7f6f48448000-7f6f48449000 ---p 00000000 00:00 0 
7f6f48449000-7f6f4844c000 ---p 00000000 00:00 0 
7f6f4844c000-7f6f48549000 rw-p 00000000 00:00 0 
7f6f48549000-7f6f4854a000 ---p 00000000 00:00 0 
7f6f4854a000-7f6f4854d000 ---p 00000000 00:00 0 
7f6f4854d000-7f6f4864a000 rw-p 00000000 00:00 0 
7f6f4864a000-7f6f4864d000 ---p 00000000 00:00 0 
7f6f4864d000-7f6f4874b000 rw-p 00000000 00:00 0 
7f6f4874b000-7f6f4874e000 ---p 00000000 00:00 0 
7f6f4874e000-7f6f4884c000 rw-p 00000000 00:00 0 
7f6f4884c000-7f6f4884f000 ---p 00000000 00:00 0 
7f6f4884f000-7f6f4894d000 rw-p 00000000 00:00 0 
7f6f4894d000-7f6f4894e000 ---p 00000000 00:00 0 
7f6f4894e000-7f6f4c000000 rw-p 00000000 00:00 0 
7f6f4c000000-7f6f4c021000 rw-p 00000000 00:00 0 
7f6f4c021000-7f6f50000000 ---p 00000000 00:00 0 
7f6f50000000-7f6f50001000 r--s 00000000 08:02 4463498                    /var/cache/fontconfig/551ecf3b0e8b0bca0f25c0944f561853-le64.cache-7
7f6f50001000-7f6f50002000 r--s 00000000 08:02 4463490                    /var/cache/fontconfig/3f7329c5293ffd510edef78f73874cfd-le64.cache-7
7f6f50002000-7f6f50003000 r--s 00000000 08:02 4463476                    /var/cache/fontconfig/0c9eb80ebd1c36541ebe2852d3bb0c49-le64.cache-7
7f6f50003000-7f6f50004000 r--s 00000000 08:02 4463483                    /var/cache/fontconfig/22368d551a680bfe5a62c02760edf4ea-le64.cache-7
7f6f50004000-7f6f50005000 r--s 00000000 08:02 4463495                    /var/cache/fontconfig/4d9c95eba1cb85bbcf2878543262124a-le64.cache-7
7f6f50005000-7f6f50006000 r--s 00000000 08:02 4463512                    /var/cache/fontconfig/85e0a52ce643a7ba2ae53e5d6949cead-le64.cache-7
7f6f50006000-7f6f50007000 r--s 00000000 08:02 4463492                    /var/cache/fontconfig/49f0de54bdd920fe4f0dfd4cbac43e6b-le64.cache-7
7f6f50007000-7f6f501e1000 r--s 03d6d000 08:02 4738487                    /opt/java/jdk1.8.0_211/jre/lib/rt.jar
7f6f501e1000-7f6f5043b000 rw-p 00000000 00:00 0 
7f6f5043b000-7f6f5043c000 ---p 00000000 00:00 0 
7f6f5043c000-7f6f5053c000 rw-p 00000000 00:00 0 
7f6f5053c000-7f6f5053d000 ---p 00000000 00:00 0 
7f6f5053d000-7f6f5063d000 rw-p 00000000 00:00 0 
7f6f5063d000-7f6f5063e000 ---p 00000000 00:00 0 
7f6f5063e000-7f6f5073e000 rw-p 00000000 00:00 0 
7f6f5073e000-7f6f5073f000 ---p 00000000 00:00 0 
7f6f5073f000-7f6f50854000 rw-p 00000000 00:00 0 
7f6f50854000-7f6f50981000 ---p 00000000 00:00 0 
7f6f50981000-7f6f5098c000 rw-p 00000000 00:00 0 
7f6f5098c000-7f6f50a23000 ---p 00000000 00:00 0 
7f6f50a23000-7f6f50a31000 rw-p 00000000 00:00 0 
7f6f50a31000-7f6f50de4000 ---p 00000000 00:00 0 
7f6f50de4000-7f6f510f4000 rwxp 00000000 00:00 0 
7f6f510f4000-7f6f5fde4000 ---p 00000000 00:00 0 
7f6f5fde4000-7f6f5fdff000 r-xp 00000000 08:02 5638751                    /opt/java/jdk1.8.0_211/jre/lib/amd64/libzip.so
7f6f5fdff000-7f6f5fffe000 ---p 0001b000 08:02 5638751                    /opt/java/jdk1.8.0_211/jre/lib/amd64/libzip.so
7f6f5fffe000-7f6f5ffff000 r--p 0001a000 08:02 5638751                    /opt/java/jdk1.8.0_211/jre/lib/amd64/libzip.so
7f6f5ffff000-7f6f60000000 rw-p 0001b000 08:02 5638751                    /opt/java/jdk1.8.0_211/jre/lib/amd64/libzip.so
7f6f60000000-7f6f60581000 rw-p 00000000 00:00 0 
7f6f60581000-7f6f64000000 ---p 00000000 00:00 0 
7f6f64000000-7f6f64001000 r--s 00000000 08:02 4463539                    /var/cache/fontconfig/f6e6e0a5c3d2f6ae0c0c2e0ecd42a997-le64.cache-7
7f6f64001000-7f6f64010000 r--s 00000000 08:02 4463515                    /var/cache/fontconfig/9b89f8e3dae116d678bbf48e5f21f69b-le64.cache-7
7f6f64010000-7f6f64012000 r--s 00000000 08:02 4463507                    /var/cache/fontconfig/6afa1bb216ce958c1589e297e8008489-le64.cache-7
7f6f64012000-7f6f64069000 rw-p 00000000 00:00 0 
7f6f64069000-7f6f64197000 ---p 00000000 00:00 0 
7f6f64197000-7f6f641a2000 r-xp 00000000 08:02 4068479                    /lib/x86_64-linux-gnu/libnss_files-2.27.so
7f6f641a2000-7f6f643a1000 ---p 0000b000 08:02 4068479                    /lib/x86_64-linux-gnu/libnss_files-2.27.so
7f6f643a1000-7f6f643a2000 r--p 0000a000 08:02 4068479                    /lib/x86_64-linux-gnu/libnss_files-2.27.so
7f6f643a2000-7f6f643a3000 rw-p 0000b000 08:02 4068479                    /lib/x86_64-linux-gnu/libnss_files-2.27.so
7f6f643a3000-7f6f643a9000 rw-p 00000000 00:00 0 
7f6f643a9000-7f6f643c0000 r-xp 00000000 08:02 4068473                    /lib/x86_64-linux-gnu/libnsl-2.27.so
7f6f643c0000-7f6f645bf000 ---p 00017000 08:02 4068473                    /lib/x86_64-linux-gnu/libnsl-2.27.so
7f6f645bf000-7f6f645c0000 r--p 00016000 08:02 4068473                    /lib/x86_64-linux-gnu/libnsl-2.27.so
7f6f645c0000-7f6f645c1000 rw-p 00017000 08:02 4068473                    /lib/x86_64-linux-gnu/libnsl-2.27.so
7f6f645c1000-7f6f645c3000 rw-p 00000000 00:00 0 
7f6f645c3000-7f6f645ce000 r-xp 00000000 08:02 4068490                    /lib/x86_64-linux-gnu/libnss_nis-2.27.so
7f6f645ce000-7f6f647cd000 ---p 0000b000 08:02 4068490                    /lib/x86_64-linux-gnu/libnss_nis-2.27.so
7f6f647cd000-7f6f647ce000 r--p 0000a000 08:02 4068490                    /lib/x86_64-linux-gnu/libnss_nis-2.27.so
7f6f647ce000-7f6f647cf000 rw-p 0000b000 08:02 4068490                    /lib/x86_64-linux-gnu/libnss_nis-2.27.so
7f6f647cf000-7f6f647d7000 r-xp 00000000 08:02 4068475                    /lib/x86_64-linux-gnu/libnss_compat-2.27.so
7f6f647d7000-7f6f649d7000 ---p 00008000 08:02 4068475                    /lib/x86_64-linux-gnu/libnss_compat-2.27.so
7f6f649d7000-7f6f649d8000 r--p 00008000 08:02 4068475                    /lib/x86_64-linux-gnu/libnss_compat-2.27.so
7f6f649d8000-7f6f649d9000 rw-p 00009000 08:02 4068475                    /lib/x86_64-linux-gnu/libnss_compat-2.27.so
7f6f649d9000-7f6f64a05000 r-xp 00000000 08:02 5638746                    /opt/java/jdk1.8.0_211/jre/lib/amd64/libjava.so
7f6f64a05000-7f6f64c05000 ---p 0002c000 08:02 5638746                    /opt/java/jdk1.8.0_211/jre/lib/amd64/libjava.so
7f6f64c05000-7f6f64c06000 r--p 0002c000 08:02 5638746                    /opt/java/jdk1.8.0_211/jre/lib/amd64/libjava.so
7f6f64c06000-7f6f64c08000 rw-p 0002d000 08:02 5638746                    /opt/java/jdk1.8.0_211/jre/lib/amd64/libjava.so
7f6f64c08000-7f6f64c15000 r-xp 00000000 08:02 5638737                    /opt/java/jdk1.8.0_211/jre/lib/amd64/libverify.so
7f6f64c15000-7f6f64e14000 ---p 0000d000 08:02 5638737                    /opt/java/jdk1.8.0_211/jre/lib/amd64/libverify.so
7f6f64e14000-7f6f64e16000 r--p 0000c000 08:02 5638737                    /opt/java/jdk1.8.0_211/jre/lib/amd64/libverify.so
7f6f64e16000-7f6f64e17000 rw-p 0000e000 08:02 5638737                    /opt/java/jdk1.8.0_211/jre/lib/amd64/libverify.so
7f6f64e17000-7f6f64e1e000 r-xp 00000000 08:02 4068530                    /lib/x86_64-linux-gnu/librt-2.27.so
7f6f64e1e000-7f6f6501d000 ---p 00007000 08:02 4068530                    /lib/x86_64-linux-gnu/librt-2.27.so
7f6f6501d000-7f6f6501e000 r--p 00006000 08:02 4068530                    /lib/x86_64-linux-gnu/librt-2.27.so
7f6f6501e000-7f6f6501f000 rw-p 00007000 08:02 4068530                    /lib/x86_64-linux-gnu/librt-2.27.so
7f6f6501f000-7f6f651bc000 r-xp 00000000 08:02 4068452                    /lib/x86_64-linux-gnu/libm-2.27.so
7f6f651bc000-7f6f653bb000 ---p 0019d000 08:02 4068452                    /lib/x86_64-linux-gnu/libm-2.27.so
7f6f653bb000-7f6f653bc000 r--p 0019c000 08:02 4068452                    /lib/x86_64-linux-gnu/libm-2.27.so
7f6f653bc000-7f6f653bd000 rw-p 0019d000 08:02 4068452                    /lib/x86_64-linux-gnu/libm-2.27.so
7f6f653bd000-7f6f660a5000 r-xp 00000000 08:02 5770389                    /opt/java/jdk1.8.0_211/jre/lib/amd64/server/libjvm.so
7f6f660a5000-7f6f662a4000 ---p 00ce8000 08:02 5770389                    /opt/java/jdk1.8.0_211/jre/lib/amd64/server/libjvm.so
7f6f662a4000-7f6f6633a000 r--p 00ce7000 08:02 5770389                    /opt/java/jdk1.8.0_211/jre/lib/amd64/server/libjvm.so
7f6f6633a000-7f6f6636b000 rw-p 00d7d000 08:02 5770389                    /opt/java/jdk1.8.0_211/jre/lib/amd64/server/libjvm.so
7f6f6636b000-7f6f663a6000 rw-p 00000000 00:00 0 
7f6f663a6000-7f6f6658d000 r-xp 00000000 08:02 4068389                    /lib/x86_64-linux-gnu/libc-2.27.so
7f6f6658d000-7f6f6678d000 ---p 001e7000 08:02 4068389                    /lib/x86_64-linux-gnu/libc-2.27.so
7f6f6678d000-7f6f66791000 r--p 001e7000 08:02 4068389                    /lib/x86_64-linux-gnu/libc-2.27.so
7f6f66791000-7f6f66793000 rw-p 001eb000 08:02 4068389                    /lib/x86_64-linux-gnu/libc-2.27.so
7f6f66793000-7f6f66797000 rw-p 00000000 00:00 0 
7f6f66797000-7f6f6679a000 r-xp 00000000 08:02 4068412                    /lib/x86_64-linux-gnu/libdl-2.27.so
7f6f6679a000-7f6f66999000 ---p 00003000 08:02 4068412                    /lib/x86_64-linux-gnu/libdl-2.27.so
7f6f66999000-7f6f6699a000 r--p 00002000 08:02 4068412                    /lib/x86_64-linux-gnu/libdl-2.27.so
7f6f6699a000-7f6f6699b000 rw-p 00003000 08:02 4068412                    /lib/x86_64-linux-gnu/libdl-2.27.so
7f6f6699b000-7f6f669b2000 r-xp 00000000 08:02 5638710                    /opt/java/jdk1.8.0_211/lib/amd64/jli/libjli.so
7f6f669b2000-7f6f66bb1000 ---p 00017000 08:02 5638710                    /opt/java/jdk1.8.0_211/lib/amd64/jli/libjli.so
7f6f66bb1000-7f6f66bb2000 r--p 00016000 08:02 5638710                    /opt/java/jdk1.8.0_211/lib/amd64/jli/libjli.so
7f6f66bb2000-7f6f66bb3000 rw-p 00017000 08:02 5638710                    /opt/java/jdk1.8.0_211/lib/amd64/jli/libjli.so
7f6f66bb3000-7f6f66bcd000 r-xp 00000000 08:02 4068522                    /lib/x86_64-linux-gnu/libpthread-2.27.so
7f6f66bcd000-7f6f66dcc000 ---p 0001a000 08:02 4068522                    /lib/x86_64-linux-gnu/libpthread-2.27.so
7f6f66dcc000-7f6f66dcd000 r--p 00019000 08:02 4068522                    /lib/x86_64-linux-gnu/libpthread-2.27.so
7f6f66dcd000-7f6f66dce000 rw-p 0001a000 08:02 4068522                    /lib/x86_64-linux-gnu/libpthread-2.27.so
7f6f66dce000-7f6f66dd2000 rw-p 00000000 00:00 0 
7f6f66dd2000-7f6f66df9000 r-xp 00000000 08:02 4068361                    /lib/x86_64-linux-gnu/ld-2.27.so
7f6f66df9000-7f6f66ede000 rw-p 00000000 00:00 0 
7f6f66ede000-7f6f66edf000 ---p 00000000 00:00 0 
7f6f66edf000-7f6f66ee2000 ---p 00000000 00:00 0 
7f6f66ee2000-7f6f66fe1000 rw-p 00000000 00:00 0 
7f6f66fe1000-7f6f66fe2000 r--s 00000000 08:02 4463493                    /var/cache/fontconfig/4b2eda6bb976bda485cb2176619421d5-le64.cache-7
7f6f66fe2000-7f6f66fe5000 r--s 00000000 08:02 4463534                    /var/cache/fontconfig/e13b20fdb08344e0e664864cc2ede53d-le64.cache-7
7f6f66fe5000-7f6f66fed000 r--s 000c4000 08:02 3291532                    /usr/local/netbeans/ide/modules/ext/mysql-connector-java-5.1.23-bin.jar
7f6f66fed000-7f6f66ff5000 rw-s 00000000 08:02 2097418                    /tmp/hsperfdata_qoheng/13637
7f6f66ff5000-7f6f66ff6000 rw-p 00000000 00:00 0 
7f6f66ff6000-7f6f66ff7000 r--p 00000000 00:00 0 
7f6f66ff7000-7f6f66ff9000 rw-p 00000000 00:00 0 
7f6f66ff9000-7f6f66ffa000 r--p 00027000 08:02 4068361                    /lib/x86_64-linux-gnu/ld-2.27.so
7f6f66ffa000-7f6f66ffb000 rw-p 00028000 08:02 4068361                    /lib/x86_64-linux-gnu/ld-2.27.so
7f6f66ffb000-7f6f66ffc000 rw-p 00000000 00:00 0 
7ffd6d31b000-7ffd6d33c000 rw-p 00000000 00:00 0                          [stack]
7ffd6d3bd000-7ffd6d3c0000 r--p 00000000 00:00 0                          [vvar]
7ffd6d3c0000-7ffd6d3c1000 r-xp 00000000 00:00 0                          [vdso]
ffffffffff600000-ffffffffff601000 r-xp 00000000 00:00 0                  [vsyscall]

VM Arguments:
jvm_args: -Dfile.encoding=UTF-8 
java_command: Toko_Buku.Kasir
java_class_path (initial): /usr/local/netbeans/ide/modules/ext/mysql-connector-java-5.1.23-bin.jar:/media/qoheng/data1/Data/Semester_3/Pemrograman Objek/UAS/Toko_Buku/build/classes
Launcher Type: SUN_STANDARD

Environment Variables:
PATH=/usr/local/sbin:/usr/local/bin:/usr/sbin:/usr/bin:/sbin:/bin:/usr/games:/usr/local/games:/snap/bin
USERNAME=qoheng
LD_LIBRARY_PATH=/opt/java/jdk1.8.0_211/jre/lib/amd64:/opt/java/jdk1.8.0_211/jre/lib/i386:
SHELL=/bin/bash
DISPLAY=:0

Signal Handlers:
SIGSEGV: [libjvm.so+0xad3d90], sa_mask[0]=11111111011111111101111111111110, sa_flags=SA_RESTART|SA_SIGINFO
SIGBUS: [libjvm.so+0xad3d90], sa_mask[0]=11111111011111111101111111111110, sa_flags=SA_RESTART|SA_SIGINFO
SIGFPE: [libjvm.so+0x90b8b0], sa_mask[0]=11111111011111111101111111111110, sa_flags=SA_RESTART|SA_SIGINFO
SIGPIPE: [libjvm.so+0x90b8b0], sa_mask[0]=11111111011111111101111111111110, sa_flags=SA_RESTART|SA_SIGINFO
SIGXFSZ: [libjvm.so+0x90b8b0], sa_mask[0]=11111111011111111101111111111110, sa_flags=SA_RESTART|SA_SIGINFO
SIGILL: [libjvm.so+0x90b8b0], sa_mask[0]=11111111011111111101111111111110, sa_flags=SA_RESTART|SA_SIGINFO
SIGUSR1: SIG_DFL, sa_mask[0]=00000000000000000000000000000000, sa_flags=none
SIGUSR2: [libjvm.so+0x90b780], sa_mask[0]=00100000000000000000000000000000, sa_flags=SA_RESTART|SA_SIGINFO
SIGHUP: [libjvm.so+0x90bda0], sa_mask[0]=11111111011111111101111111111110, sa_flags=SA_RESTART|SA_SIGINFO
SIGINT: SIG_IGN, sa_mask[0]=00000000000000000000000000000000, sa_flags=none
SIGTERM: [libjvm.so+0x90bda0], sa_mask[0]=11111111011111111101111111111110, sa_flags=SA_RESTART|SA_SIGINFO
SIGQUIT: [libjvm.so+0x90bda0], sa_mask[0]=11111111011111111101111111111110, sa_flags=SA_RESTART|SA_SIGINFO


---------------  S Y S T E M  ---------------

OS:DISTRIB_ID=Ubuntu
DISTRIB_RELEASE=18.04
DISTRIB_CODENAME=bionic
DISTRIB_DESCRIPTION="Ubuntu 18.04.3 LTS"

uname:Linux 5.0.0-31-generic #33~18.04.1-Ubuntu SMP Tue Oct 1 10:20:39 UTC 2019 x86_64
libc:glibc 2.27 NPTL 2.27 
rlimit: STACK 8192k, CORE 0k, NPROC 15294, NOFILE 1048576, AS infinity
load average:1,28 1,26 0,79

/proc/meminfo:
MemTotal:        3963060 kB
MemFree:          129200 kB
MemAvailable:    1027692 kB
Buffers:          162388 kB
Cached:          1185368 kB
SwapCached:            0 kB
Active:          2736736 kB
Inactive:         762988 kB
Active(anon):    1947956 kB
Inactive(anon):   487132 kB
Active(file):     788780 kB
Inactive(file):   275856 kB
Unevictable:       14128 kB
Mlocked:              16 kB
SwapTotal:       8389608 kB
SwapFree:        8388060 kB
Dirty:              3584 kB
Writeback:             0 kB
AnonPages:       2166232 kB
Mapped:           587208 kB
Shmem:            283008 kB
KReclaimable:      81520 kB
Slab:             137960 kB
SReclaimable:      81520 kB
SUnreclaim:        56440 kB
KernelStack:       14768 kB
PageTables:        61080 kB
NFS_Unstable:          0 kB
Bounce:                0 kB
WritebackTmp:          0 kB
CommitLimit:    10371136 kB
Committed_AS:    7632764 kB
VmallocTotal:   34359738367 kB
VmallocUsed:           0 kB
VmallocChunk:          0 kB
Percpu:             2464 kB
HardwareCorrupted:     0 kB
AnonHugePages:         0 kB
ShmemHugePages:        0 kB
ShmemPmdMapped:        0 kB
CmaTotal:              0 kB
CmaFree:               0 kB
HugePages_Total:       0
HugePages_Free:        0
HugePages_Rsvd:        0
HugePages_Surp:        0
Hugepagesize:       2048 kB
Hugetlb:               0 kB
DirectMap4k:      234240 kB
DirectMap2M:     3887104 kB
DirectMap1G:     1048576 kB

container (cgroup) information:
container_type: cgroupv1
cpu_cpuset_cpus: 0-3
cpu_memory_nodes: 0
active_processor_count: 4
cpu_quota: -1
cpu_period: 100000
cpu_shares: -1
memory_limit_in_bytes: -1
memory_and_swap_limit_in_bytes: -2
memory_soft_limit_in_bytes: -1
memory_usage_in_bytes: 3598237696
memory_max_usage_in_bytes: 10366976


CPU:total 4 (initial active 4) (2 cores per cpu, 2 threads per core) family 6 model 69 stepping 1, cmov, cx8, fxsr, mmx, sse, sse2, sse3, ssse3, sse4.1, sse4.2, popcnt, avx, avx2, aes, clmul, erms, lzcnt, ht, tsc, tscinvbit, bmi1, bmi2

/proc/cpuinfo:
processor	: 0
vendor_id	: GenuineIntel
cpu family	: 6
model		: 69
model name	: Intel(R) Core(TM) i3-4010U CPU @ 1.70GHz
stepping	: 1
microcode	: 0x25
cpu MHz		: 1383.402
cache size	: 3072 KB
physical id	: 0
siblings	: 4
core id		: 0
cpu cores	: 2
apicid		: 0
initial apicid	: 0
fpu		: yes
fpu_exception	: yes
cpuid level	: 13
wp		: yes
flags		: fpu vme de pse tsc msr pae mce cx8 apic sep mtrr pge mca cmov pat pse36 clflush dts acpi mmx fxsr sse sse2 ss ht tm pbe syscall nx pdpe1gb rdtscp lm constant_tsc arch_perfmon pebs bts rep_good nopl xtopology nonstop_tsc cpuid aperfmperf pni pclmulqdq dtes64 monitor ds_cpl vmx est tm2 ssse3 sdbg fma cx16 xtpr pdcm pcid sse4_1 sse4_2 x2apic movbe popcnt tsc_deadline_timer aes xsave avx f16c rdrand lahf_lm abm cpuid_fault epb invpcid_single pti ssbd ibrs ibpb stibp tpr_shadow vnmi flexpriority ept vpid ept_ad fsgsbase tsc_adjust bmi1 avx2 smep bmi2 erms invpcid xsaveopt dtherm arat pln pts md_clear flush_l1d
bugs		: cpu_meltdown spectre_v1 spectre_v2 spec_store_bypass l1tf mds swapgs
bogomips	: 3392.12
clflush size	: 64
cache_alignment	: 64
address sizes	: 39 bits physical, 48 bits virtual
power management:

processor	: 1
vendor_id	: GenuineIntel
cpu family	: 6
model		: 69
model name	: Intel(R) Core(TM) i3-4010U CPU @ 1.70GHz
stepping	: 1
microcode	: 0x25
cpu MHz		: 1315.507
cache size	: 3072 KB
physical id	: 0
siblings	: 4
core id		: 0
cpu cores	: 2
apicid		: 1
initial apicid	: 1
fpu		: yes
fpu_exception	: yes
cpuid level	: 13
wp		: yes
flags		: fpu vme de pse tsc msr pae mce cx8 apic sep mtrr pge mca cmov pat pse36 clflush dts acpi mmx fxsr sse sse2 ss ht tm pbe syscall nx pdpe1gb rdtscp lm constant_tsc arch_perfmon pebs bts rep_good nopl xtopology nonstop_tsc cpuid aperfmperf pni pclmulqdq dtes64 monitor ds_cpl vmx est tm2 ssse3 sdbg fma cx16 xtpr pdcm pcid sse4_1 sse4_2 x2apic movbe popcnt tsc_deadline_timer aes xsave avx f16c rdrand lahf_lm abm cpuid_fault epb invpcid_single pti ssbd ibrs ibpb stibp tpr_shadow vnmi flexpriority ept vpid ept_ad fsgsbase tsc_adjust bmi1 avx2 smep bmi2 erms invpcid xsaveopt dtherm arat pln pts md_clear flush_l1d
bugs		: cpu_meltdown spectre_v1 spectre_v2 spec_store_bypass l1tf mds swapgs
bogomips	: 3392.12
clflush size	: 64
cache_alignment	: 64
address sizes	: 39 bits physical, 48 bits virtual
power management:

processor	: 2
vendor_id	: GenuineIntel
cpu family	: 6
model		: 69
model name	: Intel(R) Core(TM) i3-4010U CPU @ 1.70GHz
stepping	: 1
microcode	: 0x25
cpu MHz		: 1435.240
cache size	: 3072 KB
physical id	: 0
siblings	: 4
core id		: 1
cpu cores	: 2
apicid		: 2
initial apicid	: 2
fpu		: yes
fpu_exception	: yes
cpuid level	: 13
wp		: yes
flags		: fpu vme de pse tsc msr pae mce cx8 apic sep mtrr pge mca cmov pat pse36 clflush dts acpi mmx fxsr sse sse2 ss ht tm pbe syscall nx pdpe1gb rdtscp lm constant_tsc arch_perfmon pebs bts rep_good nopl xtopology nonstop_tsc cpuid aperfmperf pni pclmulqdq dtes64 monitor ds_cpl vmx est tm2 ssse3 sdbg fma cx16 xtpr pdcm pcid sse4_1 sse4_2 x2apic movbe popcnt tsc_deadline_timer aes xsave avx f16c rdrand lahf_lm abm cpuid_fault epb invpcid_single pti ssbd ibrs ibpb stibp tpr_shadow vnmi flexpriority ept vpid ept_ad fsgsbase tsc_adjust bmi1 avx2 smep bmi2 erms invpcid xsaveopt dtherm arat pln pts md_clear flush_l1d
bugs		: cpu_meltdown spectre_v1 spectre_v2 spec_store_bypass l1tf mds swapgs
bogomips	: 3392.12
clflush size	: 64
cache_alignment	: 64
address sizes	: 39 bits physical, 48 bits virtual
power management:

processor	: 3
vendor_id	: GenuineIntel
cpu family	: 6
model		: 69
model name	: Intel(R) Core(TM) i3-4010U CPU @ 1.70GHz
stepping	: 1
microcode	: 0x25
cpu MHz		: 1192.406
cache size	: 3072 KB
physical id	: 0
siblings	: 4
core id		: 1
cpu cores	: 2
apicid		: 3
initial apicid	: 3
fpu		: yes
fpu_exception	: yes
cpuid level	: 13
wp		: yes
flags		: fpu vme de pse tsc msr pae mce cx8 apic sep mtrr pge mca cmov pat pse36 clflush dts acpi mmx fxsr sse sse2 ss ht tm pbe syscall nx pdpe1gb rdtscp lm constant_tsc arch_perfmon pebs bts rep_good nopl xtopology nonstop_tsc cpuid aperfmperf pni pclmulqdq dtes64 monitor ds_cpl vmx est tm2 ssse3 sdbg fma cx16 xtpr pdcm pcid sse4_1 sse4_2 x2apic movbe popcnt tsc_deadline_timer aes xsave avx f16c rdrand lahf_lm abm cpuid_fault epb invpcid_single pti ssbd ibrs ibpb stibp tpr_shadow vnmi flexpriority ept vpid ept_ad fsgsbase tsc_adjust bmi1 avx2 smep bmi2 erms invpcid xsaveopt dtherm arat pln pts md_clear flush_l1d
bugs		: cpu_meltdown spectre_v1 spectre_v2 spec_store_bypass l1tf mds swapgs
bogomips	: 3392.12
clflush size	: 64
cache_alignment	: 64
address sizes	: 39 bits physical, 48 bits virtual
power management:



Memory: 4k page, physical 3963060k(128916k free), swap 8389608k(8388060k free)

vm_info: Java HotSpot(TM) 64-Bit Server VM (25.211-b12) for linux-amd64 JRE (1.8.0_211-b12), built on Apr  1 2019 20:39:34 by "java_re" with gcc 7.3.0

time: Fri Oct 25 12:37:38 2019
timezone: WIB
elapsed time: 17 seconds (0d 0h 0m 17s)

