#
# A fatal error has been detected by the Java Runtime Environment:
#
#  Internal Error
[error occurred during error reporting (printing exception/signal name), id 0xb]

, pid=17109, tid=0x00007fa717dfd700
#  Error: ShouldNotReachHere()
#
# JRE version: Java(TM) SE Runtime Environment (8.0_211-b12) (build 1.8.0_211-b12)
# Java VM: Java HotSpot(TM) 64-Bit Server VM (25.211-b12 mixed mode linux-amd64 compressed oops)
# Failed to write core dump. Core dumps have been disabled. To enable core dumping, try "ulimit -c unlimited" before starting Java again
#
# If you would like to submit a bug report, please visit:
#   http://bugreport.java.com/bugreport/crash.jsp
#

---------------  T H R E A D  ---------------

Current thread (0x00007fa7480be000):  JavaThread "C2 CompilerThread1" daemon [_thread_in_native, id=17124, stack(0x00007fa717cfe000,0x00007fa717dfe000)]

Stack: [0x00007fa717cfe000,0x00007fa717dfe000],  sp=0x00007fa717df77e0,  free space=997k
Native frames: (J=compiled Java code, j=interpreted, Vv=VM code, C=native code)
V  [libjvm.so+0xad3455]  VMError::report_and_die()+0x2e5
V  [libjvm.so+0xad3df8]  crash_handler(int, siginfo*, void*)+0x68
C  [libpthread.so.0+0x13f40]
V  [libjvm.so+0xad3455]  VMError::report_and_die()+0x2e5
V  [libjvm.so+0xad3df8]  crash_handler(int, siginfo*, void*)+0x68
C  [libpthread.so.0+0x13f40]
V  [libjvm.so+0xad333f]  VMError::report_and_die()+0x1cf
V  [libjvm.so+0x4e064f]  report_should_not_reach_here(char const*, int)+0x4f
V  [libjvm.so+0x56fa20]  Exceptions::_throw_msg_cause(Thread*, char const*, int, Symbol*, char const*, Handle)+0x80
V  [libjvm.so+0x53c030]  State::DFA(int, Node const*)+0x270
V  [libjvm.so+0x85cb1b]  Matcher::Label_Root(Node const*, State*, Node*, Node const*)+0x39b
V  [libjvm.so+0x85cb8d]  Matcher::Label_Root(Node const*, State*, Node*, Node const*)+0x40d
V  [libjvm.so+0x85cb8d]  Matcher::Label_Root(Node const*, State*, Node*, Node const*)+0x40d
V  [libjvm.so+0x85dd79]  Matcher::match_tree(Node const*)+0x119
V  [libjvm.so+0x861bcc]  Matcher::xform(Node*, int)+0x5ec
V  [libjvm.so+0x863b05]  Matcher::match()+0x705
V  [libjvm.so+0x47eae1]  Compile::Code_Gen()+0x71
V  [libjvm.so+0x480331]  Compile::Compile(ciEnv*, C2Compiler*, ciMethod*, int, bool, bool, bool)+0xd91
V  [libjvm.so+0x3c4c8a]  C2Compiler::compile_method(ciEnv*, ciMethod*, int)+0xaa
V  [libjvm.so+0x48b92c]  CompileBroker::invoke_compiler_on_method(CompileTask*)+0x73c
V  [libjvm.so+0x48d568]  CompileBroker::compiler_thread_loop()+0x6d8
V  [libjvm.so+0xa7ba9b]  JavaThread::thread_main_inner()+0xdb
V  [libjvm.so+0xa7bda1]  JavaThread::run()+0x2d1
V  [libjvm.so+0x90d952]  java_start(Thread*)+0x102
C  [libpthread.so.0+0x9182]


Current CompileTask:
C2:   2084  408       4       java.util.HashMap::putVal (300 bytes)


---------------  P R O C E S S  ---------------

Java Threads: ( => current thread )
  0x00007fa74800b800 JavaThread "DestroyJavaVM" [_thread_blocked, id=17114, stack(0x00007fa74c616000,0x00007fa74c716000)]
  0x00007fa7482d4800 JavaThread "AWT-EventQueue-0" [_thread_in_vm, id=17131, stack(0x00007fa7159cd000,0x00007fa715ace000)]
  0x00007fa748259800 JavaThread "AWT-Shutdown" [_thread_blocked, id=17130, stack(0x00007fa715dd1000,0x00007fa715ed2000)]
  0x00007fa748220800 JavaThread "AWT-XAWT" daemon [_thread_blocked, id=17129, stack(0x00007fa7160e9000,0x00007fa7161ea000)]
  0x00007fa7481ec000 JavaThread "Java2D Disposer" daemon [_thread_blocked, id=17128, stack(0x00007fa7163f0000,0x00007fa7164f1000)]
  0x00007fa7480dc800 JavaThread "Service Thread" daemon [_thread_blocked, id=17126, stack(0x00007fa717afb000,0x00007fa717bfc000)]
  0x00007fa7480bf800 JavaThread "C1 CompilerThread2" daemon [_thread_blocked, id=17125, stack(0x00007fa717bfd000,0x00007fa717cfd000)]
=>0x00007fa7480be000 JavaThread "C2 CompilerThread1" daemon [_thread_in_native, id=17124, stack(0x00007fa717cfe000,0x00007fa717dfe000)]
  0x00007fa7480bb000 JavaThread "C2 CompilerThread0" daemon [_thread_in_native, id=17123, stack(0x00007fa717dff000,0x00007fa717eff000)]
  0x00007fa7480b9800 JavaThread "Signal Dispatcher" daemon [_thread_blocked, id=17122, stack(0x00007fa717eff000,0x00007fa718000000)]
  0x00007fa748085800 JavaThread "Finalizer" daemon [_thread_blocked, id=17121, stack(0x00007fa734666000,0x00007fa734767000)]
  0x00007fa748083000 JavaThread "Reference Handler" daemon [_thread_blocked, id=17120, stack(0x00007fa734767000,0x00007fa734868000)]

Other Threads:
  0x00007fa748079800 VMThread [stack: 0x00007fa734869000,0x00007fa734969000] [id=17119]
  0x00007fa7480ef800 WatcherThread [stack: 0x00007fa7179fb000,0x00007fa717afb000] [id=17127]

VM state:not at safepoint (normal execution)

VM Mutex/Monitor currently owned by a thread: None

heap address: 0x00000000c3800000, size: 968 MB, Compressed Oops mode: 32-bit
Narrow klass base: 0x0000000000000000, Narrow klass shift: 3
Compressed class space size: 1073741824 Address: 0x0000000100000000

Heap:
 PSYoungGen      total 18432K, used 6368K [0x00000000ebd80000, 0x00000000ed200000, 0x0000000100000000)
  eden space 15872K, 40% used [0x00000000ebd80000,0x00000000ec3b8230,0x00000000ecd00000)
  from space 2560K, 0% used [0x00000000ecf80000,0x00000000ecf80000,0x00000000ed200000)
  to   space 2560K, 0% used [0x00000000ecd00000,0x00000000ecd00000,0x00000000ecf80000)
 ParOldGen       total 42496K, used 0K [0x00000000c3800000, 0x00000000c6180000, 0x00000000ebd80000)
  object space 42496K, 0% used [0x00000000c3800000,0x00000000c3800000,0x00000000c6180000)
 Metaspace       used 11889K, capacity 12106K, committed 12160K, reserved 1060864K
  class space    used 1555K, capacity 1649K, committed 1664K, reserved 1048576K

Card table byte_map: [0x00007fa73883f000,0x00007fa738a24000] byte_map_base: 0x00007fa738223000

Marking Bits: (ParMarkBitMap*) 0x00007fa74d82fd80
 Begin Bits: [0x00007fa7365fb000, 0x00007fa73751b000)
 End Bits:   [0x00007fa73751b000, 0x00007fa73843b000)

Polling page: 0x00007fa74dc8f000

CodeCache: size=245760Kb used=2080Kb max_used=2080Kb free=243679Kb
 bounds [0x00007fa738de4000, 0x00007fa739054000, 0x00007fa747de4000]
 total_blobs=958 nmethods=447 adapters=425
 compilation: enabled

Compilation events (10 events):
Event: 1,998 Thread 0x00007fa7480bf800 nmethod 403 0x00007fa738fd37d0 code [0x00007fa738fd39c0, 0x00007fa738fd42e8]
Event: 1,998 Thread 0x00007fa7480bf800  404       3       javax.swing.plaf.nimbus.DerivedColor::<init> (33 bytes)
Event: 1,998 Thread 0x00007fa7480bf800 nmethod 404 0x00007fa738fd6890 code [0x00007fa738fd6a00, 0x00007fa738fd6c90]
Event: 1,998 Thread 0x00007fa7480bf800  402       3       javax.swing.plaf.nimbus.NimbusLookAndFeel::getDerivedColor (17 bytes)
Event: 1,999 Thread 0x00007fa7480bf800 nmethod 402 0x00007fa738fd6d90 code [0x00007fa738fd6f00, 0x00007fa738fd7188]
Event: 1,999 Thread 0x00007fa7480bf800  411       3       java.util.HashMap::<init> (11 bytes)
Event: 1,999 Thread 0x00007fa7480bf800 nmethod 411 0x00007fa738fd72d0 code [0x00007fa738fd7440, 0x00007fa738fd7650]
Event: 1,999 Thread 0x00007fa7480bf800  412       3       java.awt.Component$1::getAppContext (5 bytes)
Event: 1,999 Thread 0x00007fa7480bf800 nmethod 412 0x00007fa738fd7750 code [0x00007fa738fd78c0, 0x00007fa738fd7a10]
Event: 2,000 Thread 0x00007fa7480bb000  413       4       java.util.HashMap::put (13 bytes)

GC Heap History (0 events):
No events

Deoptimization events (1 events):
Event: 1,892 Thread 0x00007fa7482d4800 Uncommon trap: reason=unstable_if action=reinterpret pc=0x00007fa738fa6fc8 method=java.lang.AbstractStringBuilder.append(Ljava/lang/String;)Ljava/lang/AbstractStringBuilder; @ 1

Classes redefined (0 events):
No events

Internal exceptions (10 events):
Event: 1,821 Thread 0x00007fa74800b800 Exception <a 'java/lang/ClassNotFoundException': ToggleButton> (0x00000000ec1b6640) thrown at [/HUDSON/workspace/8-2-build-linux-amd64/jdk8u211/12973/hotspot/src/share/vm/classfile/systemDictionary.cpp, line 210]
Event: 1,821 Thread 0x00007fa74800b800 Exception <a 'java/lang/ClassNotFoundException': javax/swing/JToolBarSeparator> (0x00000000ec1b6aa0) thrown at [/HUDSON/workspace/8-2-build-linux-amd64/jdk8u211/12973/hotspot/src/share/vm/classfile/systemDictionary.cpp, line 210]
Event: 1,821 Thread 0x00007fa74800b800 Exception <a 'java/lang/ClassNotFoundException': ToolBarSeparator> (0x00000000ec1b6f38) thrown at [/HUDSON/workspace/8-2-build-linux-amd64/jdk8u211/12973/hotspot/src/share/vm/classfile/systemDictionary.cpp, line 210]
Event: 1,822 Thread 0x00007fa74800b800 Exception <a 'java/lang/ClassNotFoundException': ToolTip> (0x00000000ec1b7678) thrown at [/HUDSON/workspace/8-2-build-linux-amd64/jdk8u211/12973/hotspot/src/share/vm/classfile/systemDictionary.cpp, line 210]
Event: 1,824 Thread 0x00007fa74800b800 Exception <a 'java/lang/ClassNotFoundException': Tree> (0x00000000ec1b8298) thrown at [/HUDSON/workspace/8-2-build-linux-amd64/jdk8u211/12973/hotspot/src/share/vm/classfile/systemDictionary.cpp, line 210]
Event: 1,825 Thread 0x00007fa74800b800 Exception <a 'java/lang/ClassNotFoundException': Tree> (0x00000000ec1b89d8) thrown at [/HUDSON/workspace/8-2-build-linux-amd64/jdk8u211/12973/hotspot/src/share/vm/classfile/systemDictionary.cpp, line 210]
Event: 1,825 Thread 0x00007fa74800b800 Exception <a 'java/lang/ClassNotFoundException': javax/swing/JTreeCell> (0x00000000ec1b8d58) thrown at [/HUDSON/workspace/8-2-build-linux-amd64/jdk8u211/12973/hotspot/src/share/vm/classfile/systemDictionary.cpp, line 210]
Event: 1,825 Thread 0x00007fa74800b800 Exception <a 'java/lang/ClassNotFoundException': TreeCell> (0x00000000ec1b91e0) thrown at [/HUDSON/workspace/8-2-build-linux-amd64/jdk8u211/12973/hotspot/src/share/vm/classfile/systemDictionary.cpp, line 210]
Event: 1,826 Thread 0x00007fa74800b800 Exception <a 'java/lang/ClassNotFoundException': RootPane> (0x00000000ec1b9c40) thrown at [/HUDSON/workspace/8-2-build-linux-amd64/jdk8u211/12973/hotspot/src/share/vm/classfile/systemDictionary.cpp, line 210]
Event: 1,892 Thread 0x00007fa7482d4800 Implicit null exception at 0x00007fa738fa6bf6 to 0x00007fa738fa6fb1

Events (10 events):
Event: 1,997 loading class javax/swing/plaf/synth/SynthToggleButtonUI
Event: 1,997 loading class javax/swing/plaf/synth/SynthToggleButtonUI done
Event: 1,997 loading class javax/swing/plaf/synth/SynthRadioButtonUI done
Event: 1,997 loading class javax/swing/plaf/synth/SynthCheckBoxUI done
Event: 1,999 loading class javax/swing/JTable$BooleanRenderer
Event: 1,999 loading class javax/swing/JTable$BooleanRenderer done
Event: 1,999 loading class javax/swing/plaf/synth/SynthTableUI$SynthTableCellRenderer
Event: 2,000 loading class javax/swing/plaf/synth/SynthTableUI$SynthTableCellRenderer done
Event: 2,001 loading class javax/swing/event/ChangeEvent
Event: 2,001 loading class javax/swing/event/ChangeEvent done


Dynamic libraries:
00400000-00401000 r-xp 00000000 08:02 4600567                            /opt/java/jdk1.8.0_211/bin/java
00600000-00601000 r--p 00000000 08:02 4600567                            /opt/java/jdk1.8.0_211/bin/java
00601000-00602000 rw-p 00001000 08:02 4600567                            /opt/java/jdk1.8.0_211/bin/java
011de000-011ff000 rw-p 00000000 00:00 0                                  [heap]
c3800000-c6180000 rw-p 00000000 00:00 0 
c6180000-ebd80000 ---p 00000000 00:00 0 
ebd80000-ed200000 rw-p 00000000 00:00 0 
ed200000-100000000 ---p 00000000 00:00 0 
100000000-1001a0000 rw-p 00000000 00:00 0 
1001a0000-140000000 ---p 00000000 00:00 0 
7fa6e4000000-7fa6e4079000 rw-p 00000000 00:00 0 
7fa6e4079000-7fa6e8000000 ---p 00000000 00:00 0 
7fa6ec000000-7fa6ec021000 rw-p 00000000 00:00 0 
7fa6ec021000-7fa6f0000000 ---p 00000000 00:00 0 
7fa6f0000000-7fa6f0021000 rw-p 00000000 00:00 0 
7fa6f0021000-7fa6f4000000 ---p 00000000 00:00 0 
7fa6f4fff000-7fa6f8000000 rw-p 00000000 00:00 0 
7fa6f8000000-7fa6f8021000 rw-p 00000000 00:00 0 
7fa6f8021000-7fa6fc000000 ---p 00000000 00:00 0 
7fa6fc000000-7fa6fc021000 rw-p 00000000 00:00 0 
7fa6fc021000-7fa700000000 ---p 00000000 00:00 0 
7fa700000000-7fa700348000 rw-p 00000000 00:00 0 
7fa700348000-7fa704000000 ---p 00000000 00:00 0 
7fa704000000-7fa704021000 rw-p 00000000 00:00 0 
7fa704021000-7fa708000000 ---p 00000000 00:00 0 
7fa708000000-7fa70806c000 rw-p 00000000 00:00 0 
7fa70806c000-7fa70c000000 ---p 00000000 00:00 0 
7fa70c000000-7fa70c2b7000 rw-p 00000000 00:00 0 
7fa70c2b7000-7fa710000000 ---p 00000000 00:00 0 
7fa710000000-7fa710021000 rw-p 00000000 00:00 0 
7fa710021000-7fa714000000 ---p 00000000 00:00 0 
7fa7155cd000-7fa71564d000 rw-p 00000000 00:00 0 
7fa71564d000-7fa7157cd000 ---p 00000000 00:00 0 
7fa7157cd000-7fa7159cd000 rw-p 00000000 00:00 0 
7fa7159cd000-7fa7159d0000 ---p 00000000 00:00 0 
7fa7159d0000-7fa715ace000 rw-p 00000000 00:00 0 
7fa715ace000-7fa715adf000 r-xp 00000000 08:02 5638786                    /opt/java/jdk1.8.0_211/jre/lib/amd64/libnio.so
7fa715adf000-7fa715cde000 ---p 00011000 08:02 5638786                    /opt/java/jdk1.8.0_211/jre/lib/amd64/libnio.so
7fa715cde000-7fa715cdf000 r--p 00010000 08:02 5638786                    /opt/java/jdk1.8.0_211/jre/lib/amd64/libnio.so
7fa715cdf000-7fa715ce0000 rw-p 00011000 08:02 5638786                    /opt/java/jdk1.8.0_211/jre/lib/amd64/libnio.so
7fa715ce0000-7fa715cec000 r--s 00000000 08:02 4459055                    /var/cache/fontconfig/bcfeaa14-a778-4f84-a8e3-4c30aeb65a34-le64.cache-7
7fa715cec000-7fa715cf2000 r--s 00000000 08:02 4464857                    /var/cache/fontconfig/c89028f0-29bf-4896-8099-687ca5fbe796-le64.cache-7
7fa715cf2000-7fa715cf3000 r--s 00000000 08:02 4464855                    /var/cache/fontconfig/1eca2a38-b746-4912-a8c2-c43bea029550-le64.cache-7
7fa715cf3000-7fa715d09000 r--s 00000000 08:02 4464853                    /var/cache/fontconfig/66fe620d-399b-40ed-9ad2-67c5f77f9154-le64.cache-7
7fa715d09000-7fa715d0a000 r--s 00000000 08:02 4464851                    /var/cache/fontconfig/8c277315-1200-481d-80ab-71f4d37062bb-le64.cache-7
7fa715d0a000-7fa715d0b000 r--s 00000000 08:02 4464849                    /var/cache/fontconfig/744a5d79-fb93-4623-bd5b-f2e4cda55e41-le64.cache-7
7fa715d0b000-7fa715d0d000 r--s 00000000 08:02 4464847                    /var/cache/fontconfig/f5d86563-1118-4aa8-b3fd-5402ad0837e9-le64.cache-7
7fa715d0d000-7fa715d0e000 r--s 00000000 08:02 4464845                    /var/cache/fontconfig/064a2581-78ba-40e1-b75e-410683c5618c-le64.cache-7
7fa715d0e000-7fa715d10000 r--s 00000000 08:02 4464843                    /var/cache/fontconfig/c03bf37e-6bca-4524-9a37-fb2b74ef88e2-le64.cache-7
7fa715d10000-7fa715d12000 r--s 00000000 08:02 4464841                    /var/cache/fontconfig/365a15f1-a17d-4458-ba71-8a1b392bed5f-le64.cache-7
7fa715d12000-7fa715d14000 r--s 00000000 08:02 4464839                    /var/cache/fontconfig/2c1d6692-8b95-4b16-a997-e6fc34d5dbdd-le64.cache-7
7fa715d14000-7fa715d4f000 r--s 00000000 08:02 4464838                    /var/cache/fontconfig/40d595c5-dcd8-465b-9971-1f6cd7668bc8-le64.cache-7
7fa715d4f000-7fa715d54000 r--s 00000000 08:02 4464836                    /var/cache/fontconfig/68b2fb3a-2b1d-4539-a09d-10c9e79f0f48-le64.cache-7
7fa715d54000-7fa715d55000 r--s 00000000 08:02 4464834                    /var/cache/fontconfig/19ad6366-d108-4c9c-9cf4-12d5bff1d045-le64.cache-7
7fa715d55000-7fa715d56000 r--s 00000000 08:02 4464832                    /var/cache/fontconfig/874ff741-e2b1-4fc6-aeef-a30d8357d2f5-le64.cache-7
7fa715d56000-7fa715d57000 r--s 00000000 08:02 4464830                    /var/cache/fontconfig/131e0020-5452-441a-82d1-4a9a841ad4f0-le64.cache-7
7fa715d57000-7fa715d58000 r--s 00000000 08:02 4464828                    /var/cache/fontconfig/65d44562-630e-4b88-8153-24c9fa4f4e20-le64.cache-7
7fa715d58000-7fa715d59000 r--s 00000000 08:02 4464826                    /var/cache/fontconfig/1553748c-273c-41ad-870f-5e20904e47b2-le64.cache-7
7fa715d59000-7fa715d5a000 r--s 00000000 08:02 4464824                    /var/cache/fontconfig/35fe0429-7c78-47b6-9c82-85a192bf8062-le64.cache-7
7fa715d5a000-7fa715d5b000 r--s 00000000 08:02 4464822                    /var/cache/fontconfig/17405d48-4609-48d0-9816-ca361ae21ee8-le64.cache-7
7fa715d5b000-7fa715d5c000 r--s 00000000 08:02 4464820                    /var/cache/fontconfig/7ce7e1ba-04cd-4a07-863f-b2e99bce6532-le64.cache-7
7fa715d5c000-7fa715d5d000 r--s 00000000 08:02 4464818                    /var/cache/fontconfig/ed1c97b9-9f57-4ceb-a75e-509cbdebeb45-le64.cache-7
7fa715d5d000-7fa715d5e000 r--s 00000000 08:02 4464816                    /var/cache/fontconfig/66f0d6b6-8285-4f69-8864-1b26a4997c2c-le64.cache-7
7fa715d5e000-7fa715d5f000 r--s 00000000 08:02 4464814                    /var/cache/fontconfig/54cc2ac3-4fd8-4921-a53d-d90ce56afc59-le64.cache-7
7fa715d5f000-7fa715d66000 r--s 00000000 08:02 4464812                    /var/cache/fontconfig/8408ff28-7412-447f-9c14-bf422b21f907-le64.cache-7
7fa715d66000-7fa715d67000 r--s 00000000 08:02 4464810                    /var/cache/fontconfig/57b2c096-d3c4-432c-a2c3-25dabba4b493-le64.cache-7
7fa715d67000-7fa715d68000 r--s 00000000 08:02 4464808                    /var/cache/fontconfig/c7718225-6ac3-48c6-831c-27f28bd9a4e6-le64.cache-7
7fa715d68000-7fa715d6e000 r--s 00000000 08:02 4464806                    /var/cache/fontconfig/6a3d6828-0614-424c-8d45-97ef9af291af-le64.cache-7
7fa715d6e000-7fa715d81000 r--s 00000000 08:02 4464804                    /var/cache/fontconfig/81802fae-3fa6-4d90-a7ac-ee0644c2563d-le64.cache-7
7fa715d81000-7fa715d85000 r--s 00000000 08:02 4464802                    /var/cache/fontconfig/ca98d552-76e2-40c4-b6e7-a10d576a8e18-le64.cache-7
7fa715d85000-7fa715d86000 r--s 00000000 08:02 4464800                    /var/cache/fontconfig/9a82fbe0-eda8-494f-8b5e-070ecbb9d8e7-le64.cache-7
7fa715d86000-7fa715d87000 r--s 00000000 08:02 4464798                    /var/cache/fontconfig/e2b640ec-30af-4e9c-93fe-9d06bc68c4f7-le64.cache-7
7fa715dd1000-7fa715dd4000 ---p 00000000 00:00 0 
7fa715dd4000-7fa715ed2000 rw-p 00000000 00:00 0 
7fa715ed2000-7fa715ee8000 r-xp 00000000 08:02 5638732                    /opt/java/jdk1.8.0_211/jre/lib/amd64/libnet.so
7fa715ee8000-7fa7160e7000 ---p 00016000 08:02 5638732                    /opt/java/jdk1.8.0_211/jre/lib/amd64/libnet.so
7fa7160e7000-7fa7160e8000 r--p 00015000 08:02 5638732                    /opt/java/jdk1.8.0_211/jre/lib/amd64/libnet.so
7fa7160e8000-7fa7160e9000 rw-p 00016000 08:02 5638732                    /opt/java/jdk1.8.0_211/jre/lib/amd64/libnet.so
7fa7160e9000-7fa7160ec000 ---p 00000000 00:00 0 
7fa7160ec000-7fa7161ea000 rw-p 00000000 00:00 0 
7fa7161ea000-7fa7161ef000 r-xp 00000000 08:02 3284842                    /usr/lib/x86_64-linux-gnu/libXfixes.so.3.1.0
7fa7161ef000-7fa7163ee000 ---p 00005000 08:02 3284842                    /usr/lib/x86_64-linux-gnu/libXfixes.so.3.1.0
7fa7163ee000-7fa7163ef000 r--p 00004000 08:02 3284842                    /usr/lib/x86_64-linux-gnu/libXfixes.so.3.1.0
7fa7163ef000-7fa7163f0000 rw-p 00005000 08:02 3284842                    /usr/lib/x86_64-linux-gnu/libXfixes.so.3.1.0
7fa7163f0000-7fa7163f3000 ---p 00000000 00:00 0 
7fa7163f3000-7fa7164f1000 rw-p 00000000 00:00 0 
7fa7164f1000-7fa716550000 r-xp 00000000 08:02 5638781                    /opt/java/jdk1.8.0_211/jre/lib/amd64/libfontmanager.so
7fa716550000-7fa716750000 ---p 0005f000 08:02 5638781                    /opt/java/jdk1.8.0_211/jre/lib/amd64/libfontmanager.so
7fa716750000-7fa716753000 r--p 0005f000 08:02 5638781                    /opt/java/jdk1.8.0_211/jre/lib/amd64/libfontmanager.so
7fa716753000-7fa716754000 rw-p 00062000 08:02 5638781                    /opt/java/jdk1.8.0_211/jre/lib/amd64/libfontmanager.so
7fa716754000-7fa716759000 r-xp 00000000 08:02 3284838                    /usr/lib/x86_64-linux-gnu/libXdmcp.so.6.0.0
7fa716759000-7fa716958000 ---p 00005000 08:02 3284838                    /usr/lib/x86_64-linux-gnu/libXdmcp.so.6.0.0
7fa716958000-7fa716959000 r--p 00004000 08:02 3284838                    /usr/lib/x86_64-linux-gnu/libXdmcp.so.6.0.0
7fa716959000-7fa71695a000 rw-p 00005000 08:02 3284838                    /usr/lib/x86_64-linux-gnu/libXdmcp.so.6.0.0
7fa71695a000-7fa71695c000 r-xp 00000000 08:02 3284827                    /usr/lib/x86_64-linux-gnu/libXau.so.6.0.0
7fa71695c000-7fa716b5c000 ---p 00002000 08:02 3284827                    /usr/lib/x86_64-linux-gnu/libXau.so.6.0.0
7fa716b5c000-7fa716b5d000 r--p 00002000 08:02 3284827                    /usr/lib/x86_64-linux-gnu/libXau.so.6.0.0
7fa716b5d000-7fa716b5e000 rw-p 00003000 08:02 3284827                    /usr/lib/x86_64-linux-gnu/libXau.so.6.0.0
7fa716b5e000-7fa716b6d000 r-xp 00000000 08:02 3284848                    /usr/lib/x86_64-linux-gnu/libXi.so.6.1.0
7fa716b6d000-7fa716d6c000 ---p 0000f000 08:02 3284848                    /usr/lib/x86_64-linux-gnu/libXi.so.6.1.0
7fa716d6c000-7fa716d6d000 r--p 0000e000 08:02 3284848                    /usr/lib/x86_64-linux-gnu/libXi.so.6.1.0
7fa716d6d000-7fa716d6e000 rw-p 0000f000 08:02 3284848                    /usr/lib/x86_64-linux-gnu/libXi.so.6.1.0
7fa716d6e000-7fa716d73000 r-xp 00000000 08:02 3284866                    /usr/lib/x86_64-linux-gnu/libXtst.so.6.1.0
7fa716d73000-7fa716f72000 ---p 00005000 08:02 3284866                    /usr/lib/x86_64-linux-gnu/libXtst.so.6.1.0
7fa716f72000-7fa716f73000 r--p 00004000 08:02 3284866                    /usr/lib/x86_64-linux-gnu/libXtst.so.6.1.0
7fa716f73000-7fa716f74000 rw-p 00005000 08:02 3284866                    /usr/lib/x86_64-linux-gnu/libXtst.so.6.1.0
7fa716f74000-7fa716f7d000 r-xp 00000000 08:02 3284860                    /usr/lib/x86_64-linux-gnu/libXrender.so.1.3.0
7fa716f7d000-7fa71717c000 ---p 00009000 08:02 3284860                    /usr/lib/x86_64-linux-gnu/libXrender.so.1.3.0
7fa71717c000-7fa71717d000 r--p 00008000 08:02 3284860                    /usr/lib/x86_64-linux-gnu/libXrender.so.1.3.0
7fa71717d000-7fa71717e000 rw-p 00009000 08:02 3284860                    /usr/lib/x86_64-linux-gnu/libXrender.so.1.3.0
7fa71717e000-7fa717196000 r--p 00000000 08:02 3280083                    /usr/lib/x86_64-linux-gnu/libX11.so.6.3.0
7fa717196000-7fa71721e000 r-xp 00018000 08:02 3280083                    /usr/lib/x86_64-linux-gnu/libX11.so.6.3.0
7fa71721e000-7fa7172b2000 r--p 000a0000 08:02 3280083                    /usr/lib/x86_64-linux-gnu/libX11.so.6.3.0
7fa7172b2000-7fa7172b3000 ---p 00134000 08:02 3280083                    /usr/lib/x86_64-linux-gnu/libX11.so.6.3.0
7fa7172b3000-7fa7172b4000 r--p 00134000 08:02 3280083                    /usr/lib/x86_64-linux-gnu/libX11.so.6.3.0
7fa7172b4000-7fa7172b8000 rw-p 00135000 08:02 3280083                    /usr/lib/x86_64-linux-gnu/libX11.so.6.3.0
7fa7172b8000-7fa7172c9000 r-xp 00000000 08:02 3284840                    /usr/lib/x86_64-linux-gnu/libXext.so.6.4.0
7fa7172c9000-7fa7174c8000 ---p 00011000 08:02 3284840                    /usr/lib/x86_64-linux-gnu/libXext.so.6.4.0
7fa7174c8000-7fa7174c9000 r--p 00010000 08:02 3284840                    /usr/lib/x86_64-linux-gnu/libXext.so.6.4.0
7fa7174c9000-7fa7174ca000 rw-p 00011000 08:02 3284840                    /usr/lib/x86_64-linux-gnu/libXext.so.6.4.0
7fa7174ca000-7fa717524000 r-xp 00000000 08:02 5638752                    /opt/java/jdk1.8.0_211/jre/lib/amd64/libawt_xawt.so
7fa717524000-7fa717724000 ---p 0005a000 08:02 5638752                    /opt/java/jdk1.8.0_211/jre/lib/amd64/libawt_xawt.so
7fa717724000-7fa717725000 r--p 0005a000 08:02 5638752                    /opt/java/jdk1.8.0_211/jre/lib/amd64/libawt_xawt.so
7fa717725000-7fa717728000 rw-p 0005b000 08:02 5638752                    /opt/java/jdk1.8.0_211/jre/lib/amd64/libawt_xawt.so
7fa717728000-7fa71772a000 rw-p 00000000 00:00 0 
7fa71772a000-7fa7177ca000 r-xp 00000000 08:02 5638738                    /opt/java/jdk1.8.0_211/jre/lib/amd64/libawt.so
7fa7177ca000-7fa7179c9000 ---p 000a0000 08:02 5638738                    /opt/java/jdk1.8.0_211/jre/lib/amd64/libawt.so
7fa7179c9000-7fa7179ca000 r--p 0009f000 08:02 5638738                    /opt/java/jdk1.8.0_211/jre/lib/amd64/libawt.so
7fa7179ca000-7fa7179d5000 rw-p 000a0000 08:02 5638738                    /opt/java/jdk1.8.0_211/jre/lib/amd64/libawt.so
7fa7179d5000-7fa7179fa000 rw-p 00000000 00:00 0 
7fa7179fa000-7fa7179fb000 ---p 00000000 00:00 0 
7fa7179fb000-7fa717afb000 rw-p 00000000 00:00 0 
7fa717afb000-7fa717afe000 ---p 00000000 00:00 0 
7fa717afe000-7fa717bfc000 rw-p 00000000 00:00 0 
7fa717bfc000-7fa717bfd000 ---p 00000000 00:00 0 
7fa717bfd000-7fa717c00000 ---p 00000000 00:00 0 
7fa717c00000-7fa717cfd000 rw-p 00000000 00:00 0 
7fa717cfd000-7fa717cfe000 ---p 00000000 00:00 0 
7fa717cfe000-7fa717d01000 ---p 00000000 00:00 0 
7fa717d01000-7fa717dfe000 rw-p 00000000 00:00 0 
7fa717dfe000-7fa717dff000 ---p 00000000 00:00 0 
7fa717dff000-7fa717e02000 ---p 00000000 00:00 0 
7fa717e02000-7fa717eff000 rw-p 00000000 00:00 0 
7fa717eff000-7fa717f02000 ---p 00000000 00:00 0 
7fa717f02000-7fa718000000 rw-p 00000000 00:00 0 
7fa718000000-7fa718021000 rw-p 00000000 00:00 0 
7fa718021000-7fa71c000000 ---p 00000000 00:00 0 
7fa71c000000-7fa71c021000 rw-p 00000000 00:00 0 
7fa71c021000-7fa720000000 ---p 00000000 00:00 0 
7fa720000000-7fa720021000 rw-p 00000000 00:00 0 
7fa720021000-7fa724000000 ---p 00000000 00:00 0 
7fa724000000-7fa724021000 rw-p 00000000 00:00 0 
7fa724021000-7fa728000000 ---p 00000000 00:00 0 
7fa728000000-7fa728021000 rw-p 00000000 00:00 0 
7fa728021000-7fa72c000000 ---p 00000000 00:00 0 
7fa72c000000-7fa72c021000 rw-p 00000000 00:00 0 
7fa72c021000-7fa730000000 ---p 00000000 00:00 0 
7fa730000000-7fa730021000 rw-p 00000000 00:00 0 
7fa730021000-7fa734000000 ---p 00000000 00:00 0 
7fa734000000-7fa734001000 r--s 00000000 08:02 4464796                    /var/cache/fontconfig/44e5cd3b-69d5-423b-87a4-2aff1917a65e-le64.cache-7
7fa734001000-7fa734002000 r--s 00000000 08:02 4464794                    /var/cache/fontconfig/64687b55-9e04-46db-afd9-afd2df870b20-le64.cache-7
7fa734002000-7fa734005000 r--s 00000000 08:02 4464792                    /var/cache/fontconfig/5ed7cce0-f6a8-49b3-b85d-6e8a8097e2cb-le64.cache-7
7fa734005000-7fa734007000 r--s 00000000 08:02 4464251                    /var/cache/fontconfig/511a8362-92aa-4d29-8cd3-87696df47992-le64.cache-7
7fa734007000-7fa734013000 r--s 00000000 08:02 4464240                    /var/cache/fontconfig/f3a67752-132c-43f1-b020-579b30bcd920-le64.cache-7
7fa734062000-7fa734064000 r--p 00000000 08:02 3277375                    /usr/lib/x86_64-linux-gnu/libXcursor.so.1.0.2
7fa734064000-7fa734069000 r-xp 00002000 08:02 3277375                    /usr/lib/x86_64-linux-gnu/libXcursor.so.1.0.2
7fa734069000-7fa73406b000 r--p 00007000 08:02 3277375                    /usr/lib/x86_64-linux-gnu/libXcursor.so.1.0.2
7fa73406b000-7fa73406c000 r--p 00008000 08:02 3277375                    /usr/lib/x86_64-linux-gnu/libXcursor.so.1.0.2
7fa73406c000-7fa73406d000 rw-p 00009000 08:02 3277375                    /usr/lib/x86_64-linux-gnu/libXcursor.so.1.0.2
7fa73406d000-7fa734070000 r--p 00000000 08:02 4067731                    /lib/x86_64-linux-gnu/libgcc_s.so.1
7fa734070000-7fa734081000 r-xp 00003000 08:02 4067731                    /lib/x86_64-linux-gnu/libgcc_s.so.1
7fa734081000-7fa734085000 r--p 00014000 08:02 4067731                    /lib/x86_64-linux-gnu/libgcc_s.so.1
7fa734085000-7fa734086000 r--p 00017000 08:02 4067731                    /lib/x86_64-linux-gnu/libgcc_s.so.1
7fa734086000-7fa734087000 rw-p 00018000 08:02 4067731                    /lib/x86_64-linux-gnu/libgcc_s.so.1
7fa734087000-7fa73408b000 r--p 00000000 08:02 3276896                    /usr/lib/x86_64-linux-gnu/libbsd.so.0.9.1
7fa73408b000-7fa73409a000 r-xp 00004000 08:02 3276896                    /usr/lib/x86_64-linux-gnu/libbsd.so.0.9.1
7fa73409a000-7fa73409d000 r--p 00013000 08:02 3276896                    /usr/lib/x86_64-linux-gnu/libbsd.so.0.9.1
7fa73409d000-7fa73409e000 ---p 00016000 08:02 3276896                    /usr/lib/x86_64-linux-gnu/libbsd.so.0.9.1
7fa73409e000-7fa73409f000 r--p 00016000 08:02 3276896                    /usr/lib/x86_64-linux-gnu/libbsd.so.0.9.1
7fa73409f000-7fa7340a0000 rw-p 00017000 08:02 3276896                    /usr/lib/x86_64-linux-gnu/libbsd.so.0.9.1
7fa7340a0000-7fa7340a1000 rw-p 00000000 00:00 0 
7fa7340a1000-7fa7340ac000 r--p 00000000 08:02 3280073                    /usr/lib/x86_64-linux-gnu/libxcb.so.1.1.0
7fa7340ac000-7fa7340bf000 r-xp 0000b000 08:02 3280073                    /usr/lib/x86_64-linux-gnu/libxcb.so.1.1.0
7fa7340bf000-7fa7340c8000 r--p 0001e000 08:02 3280073                    /usr/lib/x86_64-linux-gnu/libxcb.so.1.1.0
7fa7340c8000-7fa7340c9000 r--p 00026000 08:02 3280073                    /usr/lib/x86_64-linux-gnu/libxcb.so.1.1.0
7fa7340c9000-7fa7340ca000 rw-p 00027000 08:02 3280073                    /usr/lib/x86_64-linux-gnu/libxcb.so.1.1.0
7fa7340ca000-7fa7340cd000 r--s 00000000 08:02 4464249                    /var/cache/fontconfig/474fed0b-96a8-447f-9857-7ab356c6ae58-le64.cache-7
7fa7340cd000-7fa7340ce000 r--s 00000000 08:02 4464246                    /var/cache/fontconfig/fe341f5e-ff84-43f0-89f1-bb464a347fa3-le64.cache-7
7fa7340ce000-7fa7340cf000 r--s 00000000 08:02 4464238                    /var/cache/fontconfig/e233f957-5666-436c-b137-a93ea395f036-le64.cache-7
7fa7340cf000-7fa7340d0000 r--s 00000000 08:02 4464236                    /var/cache/fontconfig/447b4ad8-a76e-45a2-968f-2d21110a51ce-le64.cache-7
7fa7340d0000-7fa7340d1000 r--s 00000000 08:02 4464233                    /var/cache/fontconfig/bbbb4710-14a0-4a40-9865-92022d2e05e0-le64.cache-7
7fa7340d1000-7fa7340e1000 r--s 00000000 08:02 4463624                    /var/cache/fontconfig/3e8652d6-f7e8-45f7-ad3a-1f7dcef71d01-le64.cache-7
7fa7340e1000-7fa7340f0000 r--s 0007c000 08:02 3422668                    /home/qoheng/Downloads/Compressed/joda-time-2.0.jar
7fa7340f0000-7fa7340f6000 r--s 00023000 08:02 3422666                    /home/qoheng/Downloads/Compressed/jcalendar-1.4.jar
7fa7340f6000-7fa734666000 r--p 00000000 08:02 3294939                    /usr/lib/locale/locale-archive
7fa734666000-7fa734669000 ---p 00000000 00:00 0 
7fa734669000-7fa734767000 rw-p 00000000 00:00 0 
7fa734767000-7fa73476a000 ---p 00000000 00:00 0 
7fa73476a000-7fa734868000 rw-p 00000000 00:00 0 
7fa734868000-7fa734869000 ---p 00000000 00:00 0 
7fa734869000-7fa73596c000 rw-p 00000000 00:00 0 
7fa73596c000-7fa735b46000 r--s 03d6d000 08:02 4738487                    /opt/java/jdk1.8.0_211/jre/lib/rt.jar
7fa735b46000-7fa73843b000 rw-p 00000000 00:00 0 
7fa73843b000-7fa73843c000 ---p 00000000 00:00 0 
7fa73843c000-7fa73853c000 rw-p 00000000 00:00 0 
7fa73853c000-7fa73853d000 ---p 00000000 00:00 0 
7fa73853d000-7fa73863d000 rw-p 00000000 00:00 0 
7fa73863d000-7fa73863e000 ---p 00000000 00:00 0 
7fa73863e000-7fa73873e000 rw-p 00000000 00:00 0 
7fa73873e000-7fa73873f000 ---p 00000000 00:00 0 
7fa73873f000-7fa738854000 rw-p 00000000 00:00 0 
7fa738854000-7fa738981000 ---p 00000000 00:00 0 
7fa738981000-7fa73898c000 rw-p 00000000 00:00 0 
7fa73898c000-7fa738a23000 ---p 00000000 00:00 0 
7fa738a23000-7fa738a2e000 rw-p 00000000 00:00 0 
7fa738a2e000-7fa738de4000 ---p 00000000 00:00 0 
7fa738de4000-7fa739054000 rwxp 00000000 00:00 0 
7fa739054000-7fa747de4000 ---p 00000000 00:00 0 
7fa747de4000-7fa747dff000 r-xp 00000000 08:02 5638751                    /opt/java/jdk1.8.0_211/jre/lib/amd64/libzip.so
7fa747dff000-7fa747ffe000 ---p 0001b000 08:02 5638751                    /opt/java/jdk1.8.0_211/jre/lib/amd64/libzip.so
7fa747ffe000-7fa747fff000 r--p 0001a000 08:02 5638751                    /opt/java/jdk1.8.0_211/jre/lib/amd64/libzip.so
7fa747fff000-7fa748000000 rw-p 0001b000 08:02 5638751                    /opt/java/jdk1.8.0_211/jre/lib/amd64/libzip.so
7fa748000000-7fa7484c9000 rw-p 00000000 00:00 0 
7fa7484c9000-7fa74c000000 ---p 00000000 00:00 0 
7fa74c000000-7fa74c001000 r--s 00000000 08:02 4464231                    /var/cache/fontconfig/62707f24-bd02-4f64-9db0-0bb414c3e8ad-le64.cache-7
7fa74c001000-7fa74c002000 r--s 00000000 08:02 4464177                    /var/cache/fontconfig/eca81ecb-bf82-43d3-b0ac-b8f3a7032a72-le64.cache-7
7fa74c002000-7fa74c004000 r--s 00000000 08:02 4459039                    /var/cache/fontconfig/7a54bce0-669d-450b-baf8-b230e1518a73-le64.cache-7
7fa74c004000-7fa74c00c000 r--s 000c4000 08:02 3291532                    /usr/local/netbeans/ide/modules/ext/mysql-connector-java-5.1.23-bin.jar
7fa74c00c000-7fa74c049000 rw-p 00000000 00:00 0 
7fa74c049000-7fa74c177000 ---p 00000000 00:00 0 
7fa74c177000-7fa74c17a000 r--p 00000000 08:02 4067705                    /lib/x86_64-linux-gnu/libnss_files-2.29.so
7fa74c17a000-7fa74c181000 r-xp 00003000 08:02 4067705                    /lib/x86_64-linux-gnu/libnss_files-2.29.so
7fa74c181000-7fa74c183000 r--p 0000a000 08:02 4067705                    /lib/x86_64-linux-gnu/libnss_files-2.29.so
7fa74c183000-7fa74c184000 r--p 0000b000 08:02 4067705                    /lib/x86_64-linux-gnu/libnss_files-2.29.so
7fa74c184000-7fa74c185000 rw-p 0000c000 08:02 4067705                    /lib/x86_64-linux-gnu/libnss_files-2.29.so
7fa74c185000-7fa74c18b000 rw-p 00000000 00:00 0 
7fa74c18b000-7fa74c190000 r--p 00000000 08:02 4067702                    /lib/x86_64-linux-gnu/libnsl-2.29.so
7fa74c190000-7fa74c19e000 r-xp 00005000 08:02 4067702                    /lib/x86_64-linux-gnu/libnsl-2.29.so
7fa74c19e000-7fa74c1a2000 r--p 00013000 08:02 4067702                    /lib/x86_64-linux-gnu/libnsl-2.29.so
7fa74c1a2000-7fa74c1a3000 r--p 00016000 08:02 4067702                    /lib/x86_64-linux-gnu/libnsl-2.29.so
7fa74c1a3000-7fa74c1a4000 rw-p 00017000 08:02 4067702                    /lib/x86_64-linux-gnu/libnsl-2.29.so
7fa74c1a4000-7fa74c1a6000 rw-p 00000000 00:00 0 
7fa74c1a6000-7fa74c1a9000 r--p 00000000 08:02 4067707                    /lib/x86_64-linux-gnu/libnss_nis-2.29.so
7fa74c1a9000-7fa74c1b1000 r-xp 00003000 08:02 4067707                    /lib/x86_64-linux-gnu/libnss_nis-2.29.so
7fa74c1b1000-7fa74c1b3000 r--p 0000b000 08:02 4067707                    /lib/x86_64-linux-gnu/libnss_nis-2.29.so
7fa74c1b3000-7fa74c1b4000 r--p 0000c000 08:02 4067707                    /lib/x86_64-linux-gnu/libnss_nis-2.29.so
7fa74c1b4000-7fa74c1b5000 rw-p 0000d000 08:02 4067707                    /lib/x86_64-linux-gnu/libnss_nis-2.29.so
7fa74c1b5000-7fa74c1b6000 r--s 00000000 08:02 4464117                    /var/cache/fontconfig/3ed4df43-7a27-412c-8165-c91838e3af28-le64.cache-7
7fa74c1b6000-7fa74c1b9000 r--s 00000000 08:02 4459013                    /var/cache/fontconfig/e4b76824-f223-4f8f-ac8a-544ff4e8491b-le64.cache-7
7fa74c1b9000-7fa74c1cc000 rw-p 00000000 00:00 0 
7fa74c1cc000-7fa74c1f8000 r-xp 00000000 08:02 5638746                    /opt/java/jdk1.8.0_211/jre/lib/amd64/libjava.so
7fa74c1f8000-7fa74c3f8000 ---p 0002c000 08:02 5638746                    /opt/java/jdk1.8.0_211/jre/lib/amd64/libjava.so
7fa74c3f8000-7fa74c3f9000 r--p 0002c000 08:02 5638746                    /opt/java/jdk1.8.0_211/jre/lib/amd64/libjava.so
7fa74c3f9000-7fa74c3fb000 rw-p 0002d000 08:02 5638746                    /opt/java/jdk1.8.0_211/jre/lib/amd64/libjava.so
7fa74c3fb000-7fa74c408000 r-xp 00000000 08:02 5638737                    /opt/java/jdk1.8.0_211/jre/lib/amd64/libverify.so
7fa74c408000-7fa74c607000 ---p 0000d000 08:02 5638737                    /opt/java/jdk1.8.0_211/jre/lib/amd64/libverify.so
7fa74c607000-7fa74c609000 r--p 0000c000 08:02 5638737                    /opt/java/jdk1.8.0_211/jre/lib/amd64/libverify.so
7fa74c609000-7fa74c60a000 rw-p 0000e000 08:02 5638737                    /opt/java/jdk1.8.0_211/jre/lib/amd64/libverify.so
7fa74c60a000-7fa74c60d000 r--p 00000000 08:02 4067712                    /lib/x86_64-linux-gnu/librt-2.29.so
7fa74c60d000-7fa74c611000 r-xp 00003000 08:02 4067712                    /lib/x86_64-linux-gnu/librt-2.29.so
7fa74c611000-7fa74c613000 r--p 00007000 08:02 4067712                    /lib/x86_64-linux-gnu/librt-2.29.so
7fa74c613000-7fa74c614000 r--p 00008000 08:02 4067712                    /lib/x86_64-linux-gnu/librt-2.29.so
7fa74c614000-7fa74c615000 rw-p 00009000 08:02 4067712                    /lib/x86_64-linux-gnu/librt-2.29.so
7fa74c615000-7fa74c616000 ---p 00000000 00:00 0 
7fa74c616000-7fa74c619000 ---p 00000000 00:00 0 
7fa74c619000-7fa74c716000 rw-p 00000000 00:00 0 
7fa74c716000-7fa74c725000 r--p 00000000 08:02 4067699                    /lib/x86_64-linux-gnu/libm-2.29.so
7fa74c725000-7fa74c7cb000 r-xp 0000f000 08:02 4067699                    /lib/x86_64-linux-gnu/libm-2.29.so
7fa74c7cb000-7fa74c862000 r--p 000b5000 08:02 4067699                    /lib/x86_64-linux-gnu/libm-2.29.so
7fa74c862000-7fa74c863000 r--p 0014b000 08:02 4067699                    /lib/x86_64-linux-gnu/libm-2.29.so
7fa74c863000-7fa74c864000 rw-p 0014c000 08:02 4067699                    /lib/x86_64-linux-gnu/libm-2.29.so
7fa74c864000-7fa74d54c000 r-xp 00000000 08:02 5770389                    /opt/java/jdk1.8.0_211/jre/lib/amd64/server/libjvm.so
7fa74d54c000-7fa74d74b000 ---p 00ce8000 08:02 5770389                    /opt/java/jdk1.8.0_211/jre/lib/amd64/server/libjvm.so
7fa74d74b000-7fa74d7e1000 r--p 00ce7000 08:02 5770389                    /opt/java/jdk1.8.0_211/jre/lib/amd64/server/libjvm.so
7fa74d7e1000-7fa74d812000 rw-p 00d7d000 08:02 5770389                    /opt/java/jdk1.8.0_211/jre/lib/amd64/server/libjvm.so
7fa74d812000-7fa74d84f000 rw-p 00000000 00:00 0 
7fa74d84f000-7fa74d874000 r--p 00000000 08:02 4067696                    /lib/x86_64-linux-gnu/libc-2.29.so
7fa74d874000-7fa74d9e7000 r-xp 00025000 08:02 4067696                    /lib/x86_64-linux-gnu/libc-2.29.so
7fa74d9e7000-7fa74da30000 r--p 00198000 08:02 4067696                    /lib/x86_64-linux-gnu/libc-2.29.so
7fa74da30000-7fa74da33000 r--p 001e0000 08:02 4067696                    /lib/x86_64-linux-gnu/libc-2.29.so
7fa74da33000-7fa74da36000 rw-p 001e3000 08:02 4067696                    /lib/x86_64-linux-gnu/libc-2.29.so
7fa74da36000-7fa74da3a000 rw-p 00000000 00:00 0 
7fa74da3a000-7fa74da3b000 r--p 00000000 08:02 4067698                    /lib/x86_64-linux-gnu/libdl-2.29.so
7fa74da3b000-7fa74da3d000 r-xp 00001000 08:02 4067698                    /lib/x86_64-linux-gnu/libdl-2.29.so
7fa74da3d000-7fa74da3e000 r--p 00003000 08:02 4067698                    /lib/x86_64-linux-gnu/libdl-2.29.so
7fa74da3e000-7fa74da3f000 r--p 00003000 08:02 4067698                    /lib/x86_64-linux-gnu/libdl-2.29.so
7fa74da3f000-7fa74da40000 rw-p 00004000 08:02 4067698                    /lib/x86_64-linux-gnu/libdl-2.29.so
7fa74da40000-7fa74da57000 r-xp 00000000 08:02 5638710                    /opt/java/jdk1.8.0_211/lib/amd64/jli/libjli.so
7fa74da57000-7fa74dc56000 ---p 00017000 08:02 5638710                    /opt/java/jdk1.8.0_211/lib/amd64/jli/libjli.so
7fa74dc56000-7fa74dc57000 r--p 00016000 08:02 5638710                    /opt/java/jdk1.8.0_211/lib/amd64/jli/libjli.so
7fa74dc57000-7fa74dc58000 rw-p 00017000 08:02 5638710                    /opt/java/jdk1.8.0_211/lib/amd64/jli/libjli.so
7fa74dc58000-7fa74dc5f000 r--p 00000000 08:02 4067710                    /lib/x86_64-linux-gnu/libpthread-2.29.so
7fa74dc5f000-7fa74dc6e000 r-xp 00007000 08:02 4067710                    /lib/x86_64-linux-gnu/libpthread-2.29.so
7fa74dc6e000-7fa74dc73000 r--p 00016000 08:02 4067710                    /lib/x86_64-linux-gnu/libpthread-2.29.so
7fa74dc73000-7fa74dc74000 r--p 0001a000 08:02 4067710                    /lib/x86_64-linux-gnu/libpthread-2.29.so
7fa74dc74000-7fa74dc75000 rw-p 0001b000 08:02 4067710                    /lib/x86_64-linux-gnu/libpthread-2.29.so
7fa74dc75000-7fa74dc79000 rw-p 00000000 00:00 0 
7fa74dc79000-7fa74dc7a000 r--s 00000000 08:02 4459048                    /var/cache/fontconfig/a1c4306b-0b46-4b93-962f-18e9a28d5aba-le64.cache-7
7fa74dc7a000-7fa74dc7b000 r--s 00003000 08:02 4210127                    /home/qoheng/Downloads/Compressed/JCalendar4/JCalendar4.jar
7fa74dc7b000-7fa74dc83000 rw-s 00000000 08:02 2097238                    /tmp/hsperfdata_qoheng/17109
7fa74dc83000-7fa74dc85000 r--p 00000000 08:02 4067703                    /lib/x86_64-linux-gnu/libnss_compat-2.29.so
7fa74dc85000-7fa74dc8b000 r-xp 00002000 08:02 4067703                    /lib/x86_64-linux-gnu/libnss_compat-2.29.so
7fa74dc8b000-7fa74dc8c000 r--p 00008000 08:02 4067703                    /lib/x86_64-linux-gnu/libnss_compat-2.29.so
7fa74dc8c000-7fa74dc8d000 r--p 00008000 08:02 4067703                    /lib/x86_64-linux-gnu/libnss_compat-2.29.so
7fa74dc8d000-7fa74dc8e000 rw-p 00009000 08:02 4067703                    /lib/x86_64-linux-gnu/libnss_compat-2.29.so
7fa74dc8e000-7fa74dc8f000 rw-p 00000000 00:00 0 
7fa74dc8f000-7fa74dc90000 r--p 00000000 00:00 0 
7fa74dc90000-7fa74dc92000 rw-p 00000000 00:00 0 
7fa74dc92000-7fa74dc93000 r--p 00000000 08:02 4067692                    /lib/x86_64-linux-gnu/ld-2.29.so
7fa74dc93000-7fa74dcb4000 r-xp 00001000 08:02 4067692                    /lib/x86_64-linux-gnu/ld-2.29.so
7fa74dcb4000-7fa74dcbc000 r--p 00022000 08:02 4067692                    /lib/x86_64-linux-gnu/ld-2.29.so
7fa74dcbc000-7fa74dcbd000 r--p 00029000 08:02 4067692                    /lib/x86_64-linux-gnu/ld-2.29.so
7fa74dcbd000-7fa74dcbe000 rw-p 0002a000 08:02 4067692                    /lib/x86_64-linux-gnu/ld-2.29.so
7fa74dcbe000-7fa74dcbf000 rw-p 00000000 00:00 0 
7ffc75491000-7ffc754b2000 rw-p 00000000 00:00 0                          [stack]
7ffc755e9000-7ffc755ec000 r--p 00000000 00:00 0                          [vvar]
7ffc755ec000-7ffc755ed000 r-xp 00000000 00:00 0                          [vdso]
ffffffffff600000-ffffffffff601000 r-xp 00000000 00:00 0                  [vsyscall]

VM Arguments:
jvm_args: -Dfile.encoding=UTF-8 
java_command: com.toko_buku_view.admin.Kasir
java_class_path (initial): /usr/local/netbeans/ide/modules/ext/mysql-connector-java-5.1.23-bin.jar:/home/qoheng/Downloads/Compressed/jcalendar-1.4.jar:/home/qoheng/Downloads/Compressed/JCalendar4/JCalendar4.jar:/home/qoheng/Downloads/Compressed/joda-time-2.0.jar:/media/qoheng/data1/Data/Semester_3/UAS PBO/UAS/Toko_Buku/build/classes
Launcher Type: SUN_STANDARD

Environment Variables:
PATH=/usr/local/sbin:/usr/local/bin:/usr/sbin:/usr/bin:/sbin:/bin:/usr/games:/usr/local/games:/snap/bin
USERNAME=qoheng
LD_LIBRARY_PATH=/opt/java/jdk1.8.0_211/jre/lib/amd64:/opt/java/jdk1.8.0_211/jre/lib/i386:
SHELL=/bin/bash
DISPLAY=:0

Signal Handlers:
SIGSEGV: [libjvm.so+0xad3d90], sa_mask[0]=11111111011111111101111111111110, sa_flags=SA_RESTART|SA_SIGINFO
SIGBUS: [libjvm.so+0xad3d90], sa_mask[0]=11111111011111111101111111111110, sa_flags=SA_RESTART|SA_SIGINFO
SIGFPE: [libjvm.so+0x90b8b0], sa_mask[0]=11111111011111111101111111111110, sa_flags=SA_RESTART|SA_SIGINFO
SIGPIPE: [libjvm.so+0x90b8b0], sa_mask[0]=11111111011111111101111111111110, sa_flags=SA_RESTART|SA_SIGINFO
SIGXFSZ: [libjvm.so+0x90b8b0], sa_mask[0]=11111111011111111101111111111110, sa_flags=SA_RESTART|SA_SIGINFO
SIGILL: [libjvm.so+0x90b8b0], sa_mask[0]=11111111011111111101111111111110, sa_flags=SA_RESTART|SA_SIGINFO
SIGUSR1: SIG_DFL, sa_mask[0]=00000000000000000000000000000000, sa_flags=none
SIGUSR2: [libjvm.so+0x90b780], sa_mask[0]=00100000000000000000000000000000, sa_flags=SA_RESTART|SA_SIGINFO
SIGHUP: [libjvm.so+0x90bda0], sa_mask[0]=11111111011111111101111111111110, sa_flags=SA_RESTART|SA_SIGINFO
SIGINT: SIG_IGN, sa_mask[0]=00000000000000000000000000000000, sa_flags=none
SIGTERM: [libjvm.so+0x90bda0], sa_mask[0]=11111111011111111101111111111110, sa_flags=SA_RESTART|SA_SIGINFO
SIGQUIT: [libjvm.so+0x90bda0], sa_mask[0]=11111111011111111101111111111110, sa_flags=SA_RESTART|SA_SIGINFO


---------------  S Y S T E M  ---------------

OS:DISTRIB_ID=Ubuntu
DISTRIB_RELEASE=19.04
DISTRIB_CODENAME=disco
DISTRIB_DESCRIPTION="Ubuntu 19.04"

uname:Linux 5.0.0-32-generic #34-Ubuntu SMP Wed Oct 2 02:06:48 UTC 2019 x86_64
libc:glibc 2.29 NPTL 2.29 
rlimit: STACK 8192k, CORE 0k, NPROC 15290, NOFILE 1048576, AS infinity
load average:2,32 2,03 2,05

/proc/meminfo:
MemTotal:        3963016 kB
MemFree:          114400 kB
MemAvailable:     503680 kB
Buffers:           54780 kB
Cached:           762324 kB
SwapCached:         3052 kB
Active:          2550276 kB
Inactive:         894576 kB
Active(anon):    2225804 kB
Inactive(anon):   668212 kB
Active(file):     324472 kB
Inactive(file):   226364 kB
Unevictable:       25712 kB
Mlocked:              68 kB
SwapTotal:       8389608 kB
SwapFree:        8122560 kB
Dirty:               596 kB
Writeback:             0 kB
AnonPages:       2651036 kB
Mapped:           376404 kB
Shmem:            266332 kB
KReclaimable:      90644 kB
Slab:             210948 kB
SReclaimable:      90644 kB
SUnreclaim:       120304 kB
KernelStack:       12816 kB
PageTables:        39228 kB
NFS_Unstable:          0 kB
Bounce:                0 kB
WritebackTmp:          0 kB
CommitLimit:    10371116 kB
Committed_AS:    9162348 kB
VmallocTotal:   34359738367 kB
VmallocUsed:           0 kB
VmallocChunk:          0 kB
Percpu:             4384 kB
HardwareCorrupted:     0 kB
AnonHugePages:         0 kB
ShmemHugePages:        0 kB
ShmemPmdMapped:        0 kB
CmaTotal:              0 kB
CmaFree:               0 kB
HugePages_Total:       0
HugePages_Free:        0
HugePages_Rsvd:        0
HugePages_Surp:        0
Hugepagesize:       2048 kB
Hugetlb:               0 kB
DirectMap4k:      277248 kB
DirectMap2M:     3844096 kB
DirectMap1G:     1048576 kB

container (cgroup) information:
container_type: cgroupv1
cpu_cpuset_cpus: 0-3
cpu_memory_nodes: 0
active_processor_count: 4
cpu_quota: -1
cpu_period: 100000
cpu_shares: -1
memory_limit_in_bytes: -1
memory_and_swap_limit_in_bytes: -2
memory_soft_limit_in_bytes: -1
memory_usage_in_bytes: 2962841600
memory_max_usage_in_bytes: 2975137792


CPU:total 4 (initial active 4) (2 cores per cpu, 2 threads per core) family 6 model 69 stepping 1, cmov, cx8, fxsr, mmx, sse, sse2, sse3, ssse3, sse4.1, sse4.2, popcnt, avx, avx2, aes, clmul, erms, lzcnt, ht, tsc, tscinvbit, bmi1, bmi2

/proc/cpuinfo:
processor	: 0
vendor_id	: GenuineIntel
cpu family	: 6
model		: 69
model name	: Intel(R) Core(TM) i3-4010U CPU @ 1.70GHz
stepping	: 1
microcode	: 0x25
cpu MHz		: 1596.384
cache size	: 3072 KB
physical id	: 0
siblings	: 4
core id		: 0
cpu cores	: 2
apicid		: 0
initial apicid	: 0
fpu		: yes
fpu_exception	: yes
cpuid level	: 13
wp		: yes
flags		: fpu vme de pse tsc msr pae mce cx8 apic sep mtrr pge mca cmov pat pse36 clflush dts acpi mmx fxsr sse sse2 ss ht tm pbe syscall nx pdpe1gb rdtscp lm constant_tsc arch_perfmon pebs bts rep_good nopl xtopology nonstop_tsc cpuid aperfmperf pni pclmulqdq dtes64 monitor ds_cpl vmx est tm2 ssse3 sdbg fma cx16 xtpr pdcm pcid sse4_1 sse4_2 x2apic movbe popcnt tsc_deadline_timer aes xsave avx f16c rdrand lahf_lm abm cpuid_fault epb invpcid_single pti ssbd ibrs ibpb stibp tpr_shadow vnmi flexpriority ept vpid ept_ad fsgsbase tsc_adjust bmi1 avx2 smep bmi2 erms invpcid xsaveopt dtherm arat pln pts md_clear flush_l1d
bugs		: cpu_meltdown spectre_v1 spectre_v2 spec_store_bypass l1tf mds swapgs
bogomips	: 3392.31
clflush size	: 64
cache_alignment	: 64
address sizes	: 39 bits physical, 48 bits virtual
power management:

processor	: 1
vendor_id	: GenuineIntel
cpu family	: 6
model		: 69
model name	: Intel(R) Core(TM) i3-4010U CPU @ 1.70GHz
stepping	: 1
microcode	: 0x25
cpu MHz		: 1596.383
cache size	: 3072 KB
physical id	: 0
siblings	: 4
core id		: 0
cpu cores	: 2
apicid		: 1
initial apicid	: 1
fpu		: yes
fpu_exception	: yes
cpuid level	: 13
wp		: yes
flags		: fpu vme de pse tsc msr pae mce cx8 apic sep mtrr pge mca cmov pat pse36 clflush dts acpi mmx fxsr sse sse2 ss ht tm pbe syscall nx pdpe1gb rdtscp lm constant_tsc arch_perfmon pebs bts rep_good nopl xtopology nonstop_tsc cpuid aperfmperf pni pclmulqdq dtes64 monitor ds_cpl vmx est tm2 ssse3 sdbg fma cx16 xtpr pdcm pcid sse4_1 sse4_2 x2apic movbe popcnt tsc_deadline_timer aes xsave avx f16c rdrand lahf_lm abm cpuid_fault epb invpcid_single pti ssbd ibrs ibpb stibp tpr_shadow vnmi flexpriority ept vpid ept_ad fsgsbase tsc_adjust bmi1 avx2 smep bmi2 erms invpcid xsaveopt dtherm arat pln pts md_clear flush_l1d
bugs		: cpu_meltdown spectre_v1 spectre_v2 spec_store_bypass l1tf mds swapgs
bogomips	: 3392.31
clflush size	: 64
cache_alignment	: 64
address sizes	: 39 bits physical, 48 bits virtual
power management:

processor	: 2
vendor_id	: GenuineIntel
cpu family	: 6
model		: 69
model name	: Intel(R) Core(TM) i3-4010U CPU @ 1.70GHz
stepping	: 1
microcode	: 0x25
cpu MHz		: 1596.384
cache size	: 3072 KB
physical id	: 0
siblings	: 4
core id		: 1
cpu cores	: 2
apicid		: 2
initial apicid	: 2
fpu		: yes
fpu_exception	: yes
cpuid level	: 13
wp		: yes
flags		: fpu vme de pse tsc msr pae mce cx8 apic sep mtrr pge mca cmov pat pse36 clflush dts acpi mmx fxsr sse sse2 ss ht tm pbe syscall nx pdpe1gb rdtscp lm constant_tsc arch_perfmon pebs bts rep_good nopl xtopology nonstop_tsc cpuid aperfmperf pni pclmulqdq dtes64 monitor ds_cpl vmx est tm2 ssse3 sdbg fma cx16 xtpr pdcm pcid sse4_1 sse4_2 x2apic movbe popcnt tsc_deadline_timer aes xsave avx f16c rdrand lahf_lm abm cpuid_fault epb invpcid_single pti ssbd ibrs ibpb stibp tpr_shadow vnmi flexpriority ept vpid ept_ad fsgsbase tsc_adjust bmi1 avx2 smep bmi2 erms invpcid xsaveopt dtherm arat pln pts md_clear flush_l1d
bugs		: cpu_meltdown spectre_v1 spectre_v2 spec_store_bypass l1tf mds swapgs
bogomips	: 3392.31
clflush size	: 64
cache_alignment	: 64
address sizes	: 39 bits physical, 48 bits virtual
power management:

processor	: 3
vendor_id	: GenuineIntel
cpu family	: 6
model		: 69
model name	: Intel(R) Core(TM) i3-4010U CPU @ 1.70GHz
stepping	: 1
microcode	: 0x25
cpu MHz		: 1596.382
cache size	: 3072 KB
physical id	: 0
siblings	: 4
core id		: 1
cpu cores	: 2
apicid		: 3
initial apicid	: 3
fpu		: yes
fpu_exception	: yes
cpuid level	: 13
wp		: yes
flags		: fpu vme de pse tsc msr pae mce cx8 apic sep mtrr pge mca cmov pat pse36 clflush dts acpi mmx fxsr sse sse2 ss ht tm pbe syscall nx pdpe1gb rdtscp lm constant_tsc arch_perfmon pebs bts rep_good nopl xtopology nonstop_tsc cpuid aperfmperf pni pclmulqdq dtes64 monitor ds_cpl vmx est tm2 ssse3 sdbg fma cx16 xtpr pdcm pcid sse4_1 sse4_2 x2apic movbe popcnt tsc_deadline_timer aes xsave avx f16c rdrand lahf_lm abm cpuid_fault epb invpcid_single pti ssbd ibrs ibpb stibp tpr_shadow vnmi flexpriority ept vpid ept_ad fsgsbase tsc_adjust bmi1 avx2 smep bmi2 erms invpcid xsaveopt dtherm arat pln pts md_clear flush_l1d
bugs		: cpu_meltdown spectre_v1 spectre_v2 spec_store_bypass l1tf mds swapgs
bogomips	: 3392.31
clflush size	: 64
cache_alignment	: 64
address sizes	: 39 bits physical, 48 bits virtual
power management:



Memory: 4k page, physical 3963016k(112888k free), swap 8389608k(8122560k free)

vm_info: Java HotSpot(TM) 64-Bit Server VM (25.211-b12) for linux-amd64 JRE (1.8.0_211-b12), built on Apr  1 2019 20:39:34 by "java_re" with gcc 7.3.0

time: Tue Nov 12 17:49:44 2019
timezone: WIB
elapsed time: 2 seconds (0d 0h 0m 2s)

